{"numFailedTestSuites":6,"numFailedTests":19,"numPassedTestSuites":58,"numPassedTests":1037,"numPendingTestSuites":0,"numPendingTests":1,"numRuntimeErrorTestSuites":0,"numTodoTests":0,"numTotalTestSuites":64,"numTotalTests":1057,"openHandles":[],"snapshot":{"added":0,"didUpdate":false,"failure":false,"filesAdded":0,"filesRemoved":0,"filesRemovedList":[],"filesUnmatched":0,"filesUpdated":0,"matched":0,"total":0,"unchecked":0,"uncheckedKeysByFile":[],"unmatched":0,"updated":0},"startTime":1771104814282,"success":false,"testResults":[{"assertionResults":[{"ancestorTitles":["RecordingLogic","record"],"duration":5,"failureDetails":[],"failureMessages":[],"fullName":"RecordingLogic record should skip recording when domain is not allowed","invocations":1,"location":null,"numPassingAsserts":2,"retryReasons":[],"status":"passed","title":"should skip recording when domain is not allowed"},{"ancestorTitles":["RecordingLogic","record"],"duration":3,"failureDetails":[{"matcherResult":{"actual":false,"expected":true,"message":"\u001b[2mexpect(\u001b[22m\u001b[31mreceived\u001b[39m\u001b[2m).\u001b[22mtoBe\u001b[2m(\u001b[22m\u001b[32mexpected\u001b[39m\u001b[2m) // Object.is equality\u001b[22m\n\nExpected: \u001b[32mtrue\u001b[39m\nReceived: \u001b[31mfalse\u001b[39m","name":"toBe","pass":false}}],"failureMessages":["Error: \u001b[2mexpect(\u001b[22m\u001b[31mreceived\u001b[39m\u001b[2m).\u001b[22mtoBe\u001b[2m(\u001b[22m\u001b[32mexpected\u001b[39m\u001b[2m) // Object.is equality\u001b[22m\n\nExpected: \u001b[32mtrue\u001b[39m\nReceived: \u001b[31mfalse\u001b[39m\n    at Object.toBe (/Users/yaar/Playground/obsidian-smart-history/src/background/__tests__/recordingLogic.test.js:69:30)\n    at processTicksAndRejections (node:internal/process/task_queues:103:5)"],"fullName":"RecordingLogic record should skip recording when URL is already saved","invocations":1,"location":null,"numPassingAsserts":0,"retryReasons":[],"status":"failed","title":"should skip recording when URL is already saved"}],"endTime":1771104815463,"message":"\u001b[1m\u001b[31m  \u001b[1m● \u001b[22m\u001b[1mRecordingLogic › record › should skip recording when URL is already saved\u001b[39m\u001b[22m\n\n    \u001b[2mexpect(\u001b[22m\u001b[31mreceived\u001b[39m\u001b[2m).\u001b[22mtoBe\u001b[2m(\u001b[22m\u001b[32mexpected\u001b[39m\u001b[2m) // Object.is equality\u001b[22m\n\n    Expected: \u001b[32mtrue\u001b[39m\n    Received: \u001b[31mfalse\u001b[39m\n\u001b[2m\u001b[22m\n\u001b[2m    \u001b[0m \u001b[90m 67 |\u001b[39m       })\u001b[33m;\u001b[39m\u001b[22m\n\u001b[2m     \u001b[90m 68 |\u001b[39m\u001b[22m\n\u001b[2m    \u001b[31m\u001b[1m>\u001b[22m\u001b[2m\u001b[39m\u001b[90m 69 |\u001b[39m       expect(result\u001b[33m.\u001b[39msuccess)\u001b[33m.\u001b[39mtoBe(\u001b[36mtrue\u001b[39m)\u001b[33m;\u001b[39m\u001b[22m\n\u001b[2m     \u001b[90m    |\u001b[39m                              \u001b[31m\u001b[1m^\u001b[22m\u001b[2m\u001b[39m\u001b[22m\n\u001b[2m     \u001b[90m 70 |\u001b[39m       expect(result\u001b[33m.\u001b[39mskipped)\u001b[33m.\u001b[39mtoBe(\u001b[36mtrue\u001b[39m)\u001b[33m;\u001b[39m\u001b[22m\n\u001b[2m     \u001b[90m 71 |\u001b[39m     })\u001b[33m;\u001b[39m\u001b[22m\n\u001b[2m     \u001b[90m 72 |\u001b[39m   })\u001b[33m;\u001b[39m\u001b[0m\u001b[22m\n\u001b[2m\u001b[22m\n\u001b[2m      \u001b[2mat Object.toBe (\u001b[22m\u001b[2m\u001b[0m\u001b[36msrc/background/__tests__/recordingLogic.test.js\u001b[39m\u001b[0m\u001b[2m:69:30)\u001b[22m\u001b[2m\u001b[22m\n","name":"/Users/yaar/Playground/obsidian-smart-history/src/background/__tests__/recordingLogic.test.js","startTime":1771104814827,"status":"failed","summary":""},{"assertionResults":[{"ancestorTitles":["RecordingLogic: URLセットのサイズ制限（P1）","現在の実装の確認"],"duration":7,"failureDetails":[{"matcherResult":{"actual":false,"expected":true,"message":"\u001b[2mexpect(\u001b[22m\u001b[31mreceived\u001b[39m\u001b[2m).\u001b[22mtoBe\u001b[2m(\u001b[22m\u001b[32mexpected\u001b[39m\u001b[2m) // Object.is equality\u001b[22m\n\nExpected: \u001b[32mtrue\u001b[39m\nReceived: \u001b[31mfalse\u001b[39m","name":"toBe","pass":false}}],"failureMessages":["Error: \u001b[2mexpect(\u001b[22m\u001b[31mreceived\u001b[39m\u001b[2m).\u001b[22mtoBe\u001b[2m(\u001b[22m\u001b[32mexpected\u001b[39m\u001b[2m) // Object.is equality\u001b[22m\n\nExpected: \u001b[32mtrue\u001b[39m\nReceived: \u001b[31mfalse\u001b[39m\n    at Object.toBe (/Users/yaar/Playground/obsidian-smart-history/src/background/__tests__/robustness-url-set-limit.test.js:94:32)\n    at processTicksAndRejections (node:internal/process/task_queues:103:5)"],"fullName":"RecordingLogic: URLセットのサイズ制限（P1） 現在の実装の確認 現在の実装ではURLセットのサイズ制限がないこと - シリアルテスト","invocations":1,"location":null,"numPassingAsserts":0,"retryReasons":[],"status":"failed","title":"現在の実装ではURLセットのサイズ制限がないこと - シリアルテスト"},{"ancestorTitles":["RecordingLogic: URLセットのサイズ制限（P1）","現在の実装の確認"],"duration":17,"failureDetails":[{"matcherResult":{"actual":false,"expected":true,"message":"\u001b[2mexpect(\u001b[22m\u001b[31mreceived\u001b[39m\u001b[2m).\u001b[22mtoBe\u001b[2m(\u001b[22m\u001b[32mexpected\u001b[39m\u001b[2m) // Object.is equality\u001b[22m\n\nExpected: \u001b[32mtrue\u001b[39m\nReceived: \u001b[31mfalse\u001b[39m","name":"toBe","pass":false}}],"failureMessages":["Error: \u001b[2mexpect(\u001b[22m\u001b[31mreceived\u001b[39m\u001b[2m).\u001b[22mtoBe\u001b[2m(\u001b[22m\u001b[32mexpected\u001b[39m\u001b[2m) // Object.is equality\u001b[22m\n\nExpected: \u001b[32mtrue\u001b[39m\nReceived: \u001b[31mfalse\u001b[39m\n    at Object.toBe (/Users/yaar/Playground/obsidian-smart-history/src/background/__tests__/robustness-url-set-limit.test.js:125:32)\n    at processTicksAndRejections (node:internal/process/task_queues:103:5)"],"fullName":"RecordingLogic: URLセットのサイズ制限（P1） 現在の実装の確認 大きなURLセットによりメモリ消費が増大することを確認 - シリアルテスト","invocations":1,"location":null,"numPassingAsserts":1,"retryReasons":[],"status":"failed","title":"大きなURLセットによりメモリ消費が増大することを確認 - シリアルテスト"},{"ancestorTitles":["RecordingLogic: URLセットのサイズ制限（P1）","URLセットサイズ制限のテスト（実装後）"],"duration":8,"failureDetails":[{"matcherResult":{"actual":true,"expected":false,"message":"\u001b[2mexpect(\u001b[22m\u001b[31mreceived\u001b[39m\u001b[2m).\u001b[22mtoBe\u001b[2m(\u001b[22m\u001b[32mexpected\u001b[39m\u001b[2m) // Object.is equality\u001b[22m\n\nExpected: \u001b[32mfalse\u001b[39m\nReceived: \u001b[31mtrue\u001b[39m","name":"toBe","pass":false}}],"failureMessages":["Error: \u001b[2mexpect(\u001b[22m\u001b[31mreceived\u001b[39m\u001b[2m).\u001b[22mtoBe\u001b[2m(\u001b[22m\u001b[32mexpected\u001b[39m\u001b[2m) // Object.is equality\u001b[22m\n\nExpected: \u001b[32mfalse\u001b[39m\nReceived: \u001b[31mtrue\u001b[39m\n    at Object.toBe (/Users/yaar/Playground/obsidian-smart-history/src/background/__tests__/robustness-url-set-limit.test.js:158:30)\n    at processTicksAndRejections (node:internal/process/task_queues:103:5)"],"fullName":"RecordingLogic: URLセットのサイズ制限（P1） URLセットサイズ制限のテスト（実装後） URLセットが上限（MAX_URL_SET_SIZE）を超えた場合にエラーをスローすべき","invocations":1,"location":null,"numPassingAsserts":0,"retryReasons":[],"status":"failed","title":"URLセットが上限（MAX_URL_SET_SIZE）を超えた場合にエラーをスローすべき"},{"ancestorTitles":["RecordingLogic: URLセットのサイズ制限（P1）","URLセットサイズ制限のテスト（実装後）"],"duration":1,"failureDetails":[],"failureMessages":[],"fullName":"RecordingLogic: URLセットのサイズ制限（P1） URLセットサイズ制限のテスト（実装後） 上限到達時に適切なエラーメッセージを表示すべき","invocations":1,"location":null,"numPassingAsserts":1,"retryReasons":[],"status":"passed","title":"上限到達時に適切なエラーメッセージを表示すべき"},{"ancestorTitles":["RecordingLogic: URLセットのサイズ制限（P1）","URLセットサイズ制限のテスト（実装後）"],"duration":0,"failureDetails":[],"failureMessages":[],"fullName":"RecordingLogic: URLセットのサイズ制限（P1） URLセットサイズ制限のテスト（実装後） 上限到達時にログが出力されるべき","invocations":1,"location":null,"numPassingAsserts":1,"retryReasons":[],"status":"passed","title":"上限到達時にログが出力されるべき"},{"ancestorTitles":["RecordingLogic: URLセットのサイズ制限（P1）","URLセットサイズ制限のテスト（実装後）"],"duration":1,"failureDetails":[],"failureMessages":[],"fullName":"RecordingLogic: URLセットのサイズ制限（P1） URLセットサイズ制限のテスト（実装後） 上限到達時に通知が表示されるべき","invocations":1,"location":null,"numPassingAsserts":1,"retryReasons":[],"status":"passed","title":"上限到達時に通知が表示されるべき"},{"ancestorTitles":["RecordingLogic: URLセットのサイズ制限（P1）","古いURLの削除"],"duration":7,"failureDetails":[],"failureMessages":[],"fullName":"RecordingLogic: URLセットのサイズ制限（P1） 古いURLの削除 上限を超えた場合に古いURLを削除するオプションを実装すべき","invocations":1,"location":null,"numPassingAsserts":1,"retryReasons":[],"status":"passed","title":"上限を超えた場合に古いURLを削除するオプションを実装すべき"},{"ancestorTitles":["RecordingLogic: URLセットのサイズ制限（P1）","古いURLの削除"],"duration":1,"failureDetails":[],"failureMessages":[],"fullName":"RecordingLogic: URLセットのサイズ制限（P1） 古いURLの削除 URLリセット機能を実装すべき","invocations":1,"location":null,"numPassingAsserts":1,"retryReasons":[],"status":"passed","title":"URLリセット機能を実装すべき"},{"ancestorTitles":["RecordingLogic: URLセットのサイズ制限（P1）","メモリ管理"],"duration":0,"failureDetails":[],"failureMessages":[],"fullName":"RecordingLogic: URLセットのサイズ制限（P1） メモリ管理 URLセットのサイズを監視し、メモリ消費を管理すべき","invocations":1,"location":null,"numPassingAsserts":1,"retryReasons":[],"status":"passed","title":"URLセットのサイズを監視し、メモリ消費を管理すべき"},{"ancestorTitles":["RecordingLogic: URLセットのサイズ制限（P1）","メモリ管理"],"duration":1,"failureDetails":[],"failureMessages":[],"fullName":"RecordingLogic: URLセットのサイズ制限（P1） メモリ管理 URLセットが閾値（例: 8000）に達した際に警告を表示すべき","invocations":1,"location":null,"numPassingAsserts":1,"retryReasons":[],"status":"passed","title":"URLセットが閾値（例: 8000）に達した際に警告を表示すべき"},{"ancestorTitles":["RecordingLogic: URLセットのサイズ制限（P1）","パフォーマンス"],"duration":0,"failureDetails":[],"failureMessages":[],"fullName":"RecordingLogic: URLセットのサイズ制限（P1） パフォーマンス 大きなURLセットでも重複チェックが効率的に行われるべき","invocations":1,"location":null,"numPassingAsserts":1,"retryReasons":[],"status":"passed","title":"大きなURLセットでも重複チェックが効率的に行われるべき"},{"ancestorTitles":["RecordingLogic: URLセットのサイズ制限（P1）","パフォーマンス"],"duration":0,"failureDetails":[],"failureMessages":[],"fullName":"RecordingLogic: URLセットのサイズ制限（P1） パフォーマンス URLセットの保存が効率的に行われるべき","invocations":1,"location":null,"numPassingAsserts":1,"retryReasons":[],"status":"passed","title":"URLセットの保存が効率的に行われるべき"},{"ancestorTitles":["RecordingLogic: URLセットのサイズ制限（P1）","推奨される定数定義"],"duration":0,"failureDetails":[],"failureMessages":[],"fullName":"RecordingLogic: URLセットのサイズ制限（P1） 推奨される定数定義 storage.jsにMAX_URL_SET_SIZE定数を定義すべき","invocations":1,"location":null,"numPassingAsserts":1,"retryReasons":[],"status":"passed","title":"storage.jsにMAX_URL_SET_SIZE定数を定義すべき"},{"ancestorTitles":["RecordingLogic: URLセットのサイズ制限（P1）","推奨される定数定義"],"duration":1,"failureDetails":[],"failureMessages":[],"fullName":"RecordingLogic: URLセットのサイズ制限（P1） 推奨される定数定義 storage.jsにURL_WARNING_THRESHOLD定数を定義すべき","invocations":1,"location":null,"numPassingAsserts":1,"retryReasons":[],"status":"passed","title":"storage.jsにURL_WARNING_THRESHOLD定数を定義すべき"}],"endTime":1771104815501,"message":"\u001b[1m\u001b[31m  \u001b[1m● \u001b[22m\u001b[1mRecordingLogic: URLセットのサイズ制限（P1） › 現在の実装の確認 › 現在の実装ではURLセットのサイズ制限がないこと - シリアルテスト\u001b[39m\u001b[22m\n\n    \u001b[2mexpect(\u001b[22m\u001b[31mreceived\u001b[39m\u001b[2m).\u001b[22mtoBe\u001b[2m(\u001b[22m\u001b[32mexpected\u001b[39m\u001b[2m) // Object.is equality\u001b[22m\n\n    Expected: \u001b[32mtrue\u001b[39m\n    Received: \u001b[31mfalse\u001b[39m\n\u001b[2m\u001b[22m\n\u001b[2m    \u001b[0m \u001b[90m 92 |\u001b[39m         })\u001b[33m;\u001b[39m\u001b[22m\n\u001b[2m     \u001b[90m 93 |\u001b[39m\u001b[22m\n\u001b[2m    \u001b[31m\u001b[1m>\u001b[22m\u001b[2m\u001b[39m\u001b[90m 94 |\u001b[39m         expect(result\u001b[33m.\u001b[39msuccess)\u001b[33m.\u001b[39mtoBe(\u001b[36mtrue\u001b[39m)\u001b[33m;\u001b[39m\u001b[22m\n\u001b[2m     \u001b[90m    |\u001b[39m                                \u001b[31m\u001b[1m^\u001b[22m\u001b[2m\u001b[39m\u001b[22m\n\u001b[2m     \u001b[90m 95 |\u001b[39m         callCount\u001b[33m++\u001b[39m\u001b[33m;\u001b[39m\u001b[22m\n\u001b[2m     \u001b[90m 96 |\u001b[39m       }\u001b[22m\n\u001b[2m     \u001b[90m 97 |\u001b[39m\u001b[0m\u001b[22m\n\u001b[2m\u001b[22m\n\u001b[2m      \u001b[2mat Object.toBe (\u001b[22m\u001b[2m\u001b[0m\u001b[36msrc/background/__tests__/robustness-url-set-limit.test.js\u001b[39m\u001b[0m\u001b[2m:94:32)\u001b[22m\u001b[2m\u001b[22m\n\n\u001b[1m\u001b[31m  \u001b[1m● \u001b[22m\u001b[1mRecordingLogic: URLセットのサイズ制限（P1） › 現在の実装の確認 › 大きなURLセットによりメモリ消費が増大することを確認 - シリアルテスト\u001b[39m\u001b[22m\n\n    \u001b[2mexpect(\u001b[22m\u001b[31mreceived\u001b[39m\u001b[2m).\u001b[22mtoBe\u001b[2m(\u001b[22m\u001b[32mexpected\u001b[39m\u001b[2m) // Object.is equality\u001b[22m\n\n    Expected: \u001b[32mtrue\u001b[39m\n    Received: \u001b[31mfalse\u001b[39m\n\u001b[2m\u001b[22m\n\u001b[2m    \u001b[0m \u001b[90m 123 |\u001b[39m         })\u001b[33m;\u001b[39m\u001b[22m\n\u001b[2m     \u001b[90m 124 |\u001b[39m\u001b[22m\n\u001b[2m    \u001b[31m\u001b[1m>\u001b[22m\u001b[2m\u001b[39m\u001b[90m 125 |\u001b[39m         expect(result\u001b[33m.\u001b[39msuccess)\u001b[33m.\u001b[39mtoBe(\u001b[36mtrue\u001b[39m)\u001b[33m;\u001b[39m\u001b[22m\n\u001b[2m     \u001b[90m     |\u001b[39m                                \u001b[31m\u001b[1m^\u001b[22m\u001b[2m\u001b[39m\u001b[22m\n\u001b[2m     \u001b[90m 126 |\u001b[39m         callCount\u001b[33m++\u001b[39m\u001b[33m;\u001b[39m\u001b[22m\n\u001b[2m     \u001b[90m 127 |\u001b[39m       }\u001b[22m\n\u001b[2m     \u001b[90m 128 |\u001b[39m\u001b[0m\u001b[22m\n\u001b[2m\u001b[22m\n\u001b[2m      \u001b[2mat Object.toBe (\u001b[22m\u001b[2m\u001b[0m\u001b[36msrc/background/__tests__/robustness-url-set-limit.test.js\u001b[39m\u001b[0m\u001b[2m:125:32)\u001b[22m\u001b[2m\u001b[22m\n\n\u001b[1m\u001b[31m  \u001b[1m● \u001b[22m\u001b[1mRecordingLogic: URLセットのサイズ制限（P1） › URLセットサイズ制限のテスト（実装後） › URLセットが上限（MAX_URL_SET_SIZE）を超えた場合にエラーをスローすべき\u001b[39m\u001b[22m\n\n    \u001b[2mexpect(\u001b[22m\u001b[31mreceived\u001b[39m\u001b[2m).\u001b[22mtoBe\u001b[2m(\u001b[22m\u001b[32mexpected\u001b[39m\u001b[2m) // Object.is equality\u001b[22m\n\n    Expected: \u001b[32mfalse\u001b[39m\n    Received: \u001b[31mtrue\u001b[39m\n\u001b[2m\u001b[22m\n\u001b[2m    \u001b[0m \u001b[90m 156 |\u001b[39m\u001b[22m\n\u001b[2m     \u001b[90m 157 |\u001b[39m       \u001b[90m// 失敗するはず\u001b[39m\u001b[22m\n\u001b[2m    \u001b[31m\u001b[1m>\u001b[22m\u001b[2m\u001b[39m\u001b[90m 158 |\u001b[39m       expect(result\u001b[33m.\u001b[39msuccess)\u001b[33m.\u001b[39mtoBe(\u001b[36mfalse\u001b[39m)\u001b[33m;\u001b[39m\u001b[22m\n\u001b[2m     \u001b[90m     |\u001b[39m                              \u001b[31m\u001b[1m^\u001b[22m\u001b[2m\u001b[39m\u001b[22m\n\u001b[2m     \u001b[90m 159 |\u001b[39m       expect(result\u001b[33m.\u001b[39merror)\u001b[33m.\u001b[39mtoContain(\u001b[32m'URL set size limit exceeded'\u001b[39m)\u001b[33m;\u001b[39m\u001b[22m\n\u001b[2m     \u001b[90m 160 |\u001b[39m       expect(addLog)\u001b[33m.\u001b[39mtoHaveBeenCalledWith(\u001b[33mLogType\u001b[39m\u001b[33m.\u001b[39m\u001b[33mERROR\u001b[39m\u001b[33m,\u001b[39m \u001b[32m'URL set size limit exceeded'\u001b[39m\u001b[33m,\u001b[39m expect\u001b[33m.\u001b[39many(\u001b[33mObject\u001b[39m))\u001b[33m;\u001b[39m\u001b[22m\n\u001b[2m     \u001b[90m 161 |\u001b[39m     })\u001b[33m;\u001b[39m\u001b[0m\u001b[22m\n\u001b[2m\u001b[22m\n\u001b[2m      \u001b[2mat Object.toBe (\u001b[22m\u001b[2m\u001b[0m\u001b[36msrc/background/__tests__/robustness-url-set-limit.test.js\u001b[39m\u001b[0m\u001b[2m:158:30)\u001b[22m\u001b[2m\u001b[22m\n","name":"/Users/yaar/Playground/obsidian-smart-history/src/background/__tests__/robustness-url-set-limit.test.js","startTime":1771104814740,"status":"failed","summary":""},{"assertionResults":[{"ancestorTitles":["getSettings key refinement"],"duration":40,"failureDetails":[{"matcherResult":{"message":"\u001b[2mexpect(\u001b[22m\u001b[31mreceived\u001b[39m\u001b[2m).\u001b[22mtoHaveProperty\u001b[2m(\u001b[22m\u001b[32mpath\u001b[39m\u001b[2m)\u001b[22m\n\nExpected path: \u001b[32m\"hmac_secret\"\u001b[39m\nReceived path: \u001b[31m[]\u001b[39m\n\nReceived value: \u001b[31m{\"ai_provider\": \"openai\", \"allowed_urls\": [], \"allowed_urls_hash\": \"\", \"domain_blacklist\": [\"amazon.co.jp\", \"amazon.com\", \"yahoo.co.jp\", \"yahoo.com\", \"facebook.com\", \"twitter.com\", \"x.com\", \"instagram.com\", \"youtube.com\", \"google.com\", …], \"domain_filter_mode\": \"blacklist\", \"domain_whitelist\": [], \"gemini_api_key\": \"\", \"gemini_model\": \"gemini-1.5-flash\", \"min_scroll_depth\": 50, \"min_visit_duration\": 5, \"obsidian_api_key\": \"\", \"obsidian_daily_path\": \"092.Daily\", \"obsidian_port\": \"27123\", \"obsidian_protocol\": \"http\", \"openai_2_api_key\": \"\", \"openai_2_base_url\": \"http://127.0.0.1:11434/v1\", \"openai_2_model\": \"llama3\", \"openai_api_key\": \"\", \"openai_base_url\": \"https://api.groq.com/openai/v1\", \"openai_model\": \"openai/gpt-oss-20b\", \"pii_confirmation_ui\": true, \"pii_sanitize_logs\": true, \"privacy_mode\": \"masked_cloud\", \"simple_format_enabled\": true, \"ublock_format_enabled\": false, \"ublock_rules\": {\"blockDomains\": [], \"exceptionDomains\": [], \"metadata\": {\"importedAt\": 0, \"ruleCount\": 0}}, \"ublock_sources\": []}\u001b[39m","pass":false}}],"failureMessages":["Error: \u001b[2mexpect(\u001b[22m\u001b[31mreceived\u001b[39m\u001b[2m).\u001b[22mtoHaveProperty\u001b[2m(\u001b[22m\u001b[32mpath\u001b[39m\u001b[2m)\u001b[22m\n\nExpected path: \u001b[32m\"hmac_secret\"\u001b[39m\nReceived path: \u001b[31m[]\u001b[39m\n\nReceived value: \u001b[31m{\"ai_provider\": \"openai\", \"allowed_urls\": [], \"allowed_urls_hash\": \"\", \"domain_blacklist\": [\"amazon.co.jp\", \"amazon.com\", \"yahoo.co.jp\", \"yahoo.com\", \"facebook.com\", \"twitter.com\", \"x.com\", \"instagram.com\", \"youtube.com\", \"google.com\", …], \"domain_filter_mode\": \"blacklist\", \"domain_whitelist\": [], \"gemini_api_key\": \"\", \"gemini_model\": \"gemini-1.5-flash\", \"min_scroll_depth\": 50, \"min_visit_duration\": 5, \"obsidian_api_key\": \"\", \"obsidian_daily_path\": \"092.Daily\", \"obsidian_port\": \"27123\", \"obsidian_protocol\": \"http\", \"openai_2_api_key\": \"\", \"openai_2_base_url\": \"http://127.0.0.1:11434/v1\", \"openai_2_model\": \"llama3\", \"openai_api_key\": \"\", \"openai_base_url\": \"https://api.groq.com/openai/v1\", \"openai_model\": \"openai/gpt-oss-20b\", \"pii_confirmation_ui\": true, \"pii_sanitize_logs\": true, \"privacy_mode\": \"masked_cloud\", \"simple_format_enabled\": true, \"ublock_format_enabled\": false, \"ublock_rules\": {\"blockDomains\": [], \"exceptionDomains\": [], \"metadata\": {\"importedAt\": 0, \"ruleCount\": 0}}, \"ublock_sources\": []}\u001b[39m\n    at toHaveProperty (/Users/yaar/Playground/obsidian-smart-history/src/utils/__tests__/storage-keys.test.js:21:26)\n    at Array.forEach (<anonymous>)\n    at Object.forEach (/Users/yaar/Playground/obsidian-smart-history/src/utils/__tests__/storage-keys.test.js:19:32)"],"fullName":"getSettings key refinement StorageKeysのみを取得する","invocations":1,"location":null,"numPassingAsserts":29,"retryReasons":[],"status":"failed","title":"StorageKeysのみを取得する"},{"ancestorTitles":["getSettings key refinement"],"duration":15,"failureDetails":[],"failureMessages":[],"fullName":"getSettings key refinement 空ストレージの場合はデフォルト値のみを返す","invocations":1,"location":null,"numPassingAsserts":3,"retryReasons":[],"status":"passed","title":"空ストレージの場合はデフォルト値のみを返す"},{"ancestorTitles":["getSettings key refinement"],"duration":24,"failureDetails":[],"failureMessages":[],"fullName":"getSettings key refinement 保存した値が正しく取得できる","invocations":1,"location":null,"numPassingAsserts":3,"retryReasons":[],"status":"passed","title":"保存した値が正しく取得できる"}],"endTime":1771104815557,"message":"\u001b[1m\u001b[31m  \u001b[1m● \u001b[22m\u001b[1mgetSettings key refinement › StorageKeysのみを取得する\u001b[39m\u001b[22m\n\n    \u001b[2mexpect(\u001b[22m\u001b[31mreceived\u001b[39m\u001b[2m).\u001b[22mtoHaveProperty\u001b[2m(\u001b[22m\u001b[32mpath\u001b[39m\u001b[2m)\u001b[22m\n\n    Expected path: \u001b[32m\"hmac_secret\"\u001b[39m\n    Received path: \u001b[31m[]\u001b[39m\n\n    Received value: \u001b[31m{\"ai_provider\": \"openai\", \"allowed_urls\": [], \"allowed_urls_hash\": \"\", \"domain_blacklist\": [\"amazon.co.jp\", \"amazon.com\", \"yahoo.co.jp\", \"yahoo.com\", \"facebook.com\", \"twitter.com\", \"x.com\", \"instagram.com\", \"youtube.com\", \"google.com\", …], \"domain_filter_mode\": \"blacklist\", \"domain_whitelist\": [], \"gemini_api_key\": \"\", \"gemini_model\": \"gemini-1.5-flash\", \"min_scroll_depth\": 50, \"min_visit_duration\": 5, \"obsidian_api_key\": \"\", \"obsidian_daily_path\": \"092.Daily\", \"obsidian_port\": \"27123\", \"obsidian_protocol\": \"http\", \"openai_2_api_key\": \"\", \"openai_2_base_url\": \"http://127.0.0.1:11434/v1\", \"openai_2_model\": \"llama3\", \"openai_api_key\": \"\", \"openai_base_url\": \"https://api.groq.com/openai/v1\", \"openai_model\": \"openai/gpt-oss-20b\", \"pii_confirmation_ui\": true, \"pii_sanitize_logs\": true, \"privacy_mode\": \"masked_cloud\", \"simple_format_enabled\": true, \"ublock_format_enabled\": false, \"ublock_rules\": {\"blockDomains\": [], \"exceptionDomains\": [], \"metadata\": {\"importedAt\": 0, \"ruleCount\": 0}}, \"ublock_sources\": []}\u001b[39m\n\u001b[2m\u001b[22m\n\u001b[2m    \u001b[0m \u001b[90m 19 |\u001b[39m     \u001b[33mObject\u001b[39m\u001b[33m.\u001b[39mvalues(\u001b[33mStorageKeys\u001b[39m)\u001b[33m.\u001b[39mforEach(key \u001b[33m=>\u001b[39m {\u001b[22m\n\u001b[2m     \u001b[90m 20 |\u001b[39m       \u001b[36mif\u001b[39m (\u001b[33m!\u001b[39minternalKeys\u001b[33m.\u001b[39mincludes(key)) {\u001b[22m\n\u001b[2m    \u001b[31m\u001b[1m>\u001b[22m\u001b[2m\u001b[39m\u001b[90m 21 |\u001b[39m         expect(settings)\u001b[33m.\u001b[39mtoHaveProperty(key)\u001b[33m;\u001b[39m\u001b[22m\n\u001b[2m     \u001b[90m    |\u001b[39m                          \u001b[31m\u001b[1m^\u001b[22m\u001b[2m\u001b[39m\u001b[22m\n\u001b[2m     \u001b[90m 22 |\u001b[39m       }\u001b[22m\n\u001b[2m     \u001b[90m 23 |\u001b[39m     })\u001b[33m;\u001b[39m\u001b[22m\n\u001b[2m     \u001b[90m 24 |\u001b[39m   })\u001b[33m;\u001b[39m\u001b[0m\u001b[22m\n\u001b[2m\u001b[22m\n\u001b[2m      \u001b[2mat toHaveProperty (\u001b[22m\u001b[2m\u001b[0m\u001b[36msrc/utils/__tests__/storage-keys.test.js\u001b[39m\u001b[0m\u001b[2m:21:26)\u001b[22m\u001b[2m\u001b[22m\n\u001b[2m          at Array.forEach (<anonymous>)\u001b[22m\n\u001b[2m      \u001b[2mat Object.forEach (\u001b[22m\u001b[2m\u001b[0m\u001b[36msrc/utils/__tests__/storage-keys.test.js\u001b[39m\u001b[0m\u001b[2m:19:32)\u001b[22m\u001b[2m\u001b[22m\n","name":"/Users/yaar/Playground/obsidian-smart-history/src/utils/__tests__/storage-keys.test.js","startTime":1771104814812,"status":"failed","summary":""},{"assertionResults":[{"ancestorTitles":["RecordingLogic: データ整合性（P0）","現在の実装の確認"],"duration":4,"failureDetails":[],"failureMessages":[],"fullName":"RecordingLogic: データ整合性（P0） 現在の実装の確認 Obsidian書き込み失敗時にURLが保存される不整合がある可能性がある","invocations":1,"location":null,"numPassingAsserts":2,"retryReasons":[],"status":"passed","title":"Obsidian書き込み失敗時にURLが保存される不整合がある可能性がある"},{"ancestorTitles":["RecordingLogic: データ整合性（P0）","現在の実装の確認"],"duration":2,"failureDetails":[{"matcherResult":{"actual":false,"expected":true,"message":"\u001b[2mexpect(\u001b[22m\u001b[31mreceived\u001b[39m\u001b[2m).\u001b[22mtoBe\u001b[2m(\u001b[22m\u001b[32mexpected\u001b[39m\u001b[2m) // Object.is equality\u001b[22m\n\nExpected: \u001b[32mtrue\u001b[39m\nReceived: \u001b[31mfalse\u001b[39m","name":"toBe","pass":false}}],"failureMessages":["Error: \u001b[2mexpect(\u001b[22m\u001b[31mreceived\u001b[39m\u001b[2m).\u001b[22mtoBe\u001b[2m(\u001b[22m\u001b[32mexpected\u001b[39m\u001b[2m) // Object.is equality\u001b[22m\n\nExpected: \u001b[32mtrue\u001b[39m\nReceived: \u001b[31mfalse\u001b[39m\n    at Object.toBe (/Users/yaar/Playground/obsidian-smart-history/src/background/__tests__/robustness-data-integrity.test.js:108:30)\n    at processTicksAndRejections (node:internal/process/task_queues:103:5)"],"fullName":"RecordingLogic: データ整合性（P0） 現在の実装の確認 Obsidian書き込み成功時にのみURLが保存されていることを確認","invocations":1,"location":null,"numPassingAsserts":0,"retryReasons":[],"status":"failed","title":"Obsidian書き込み成功時にのみURLが保存されていることを確認"},{"ancestorTitles":["RecordingLogic: データ整合性（P0）","エッジケース: 書き込み失敗時のURL整合性"],"duration":6,"failureDetails":[{"matcherResult":{"actual":"Cannot read properties of undefined (reading 'size')","expected":"Network error","message":"\u001b[2mexpect(\u001b[22m\u001b[31mreceived\u001b[39m\u001b[2m).\u001b[22mtoBe\u001b[2m(\u001b[22m\u001b[32mexpected\u001b[39m\u001b[2m) // Object.is equality\u001b[22m\n\nExpected: \u001b[32m\"Network error\"\u001b[39m\nReceived: \u001b[31m\"Cannot read properties of undefined (reading 'size')\"\u001b[39m","name":"toBe","pass":false}}],"failureMessages":["Error: \u001b[2mexpect(\u001b[22m\u001b[31mreceived\u001b[39m\u001b[2m).\u001b[22mtoBe\u001b[2m(\u001b[22m\u001b[32mexpected\u001b[39m\u001b[2m) // Object.is equality\u001b[22m\n\nExpected: \u001b[32m\"Network error\"\u001b[39m\nReceived: \u001b[31m\"Cannot read properties of undefined (reading 'size')\"\u001b[39m\n    at Object.toBe (/Users/yaar/Playground/obsidian-smart-history/src/background/__tests__/robustness-data-integrity.test.js:128:28)\n    at processTicksAndRejections (node:internal/process/task_queues:103:5)"],"fullName":"RecordingLogic: データ整合性（P0） エッジケース: 書き込み失敗時のURL整合性 ネットワークエラー時にURLが保存されないこと","invocations":1,"location":null,"numPassingAsserts":1,"retryReasons":[],"status":"failed","title":"ネットワークエラー時にURLが保存されないこと"},{"ancestorTitles":["RecordingLogic: データ整合性（P0）","エッジケース: 書き込み失敗時のURL整合性"],"duration":2,"failureDetails":[{"matcherResult":{"actual":"Cannot read properties of undefined (reading 'size')","expected":"API Error","message":"\u001b[2mexpect(\u001b[22m\u001b[31mreceived\u001b[39m\u001b[2m).\u001b[22mtoBe\u001b[2m(\u001b[22m\u001b[32mexpected\u001b[39m\u001b[2m) // Object.is equality\u001b[22m\n\nExpected: \u001b[32m\"API Error\"\u001b[39m\nReceived: \u001b[31m\"Cannot read properties of undefined (reading 'size')\"\u001b[39m","name":"toBe","pass":false}}],"failureMessages":["Error: \u001b[2mexpect(\u001b[22m\u001b[31mreceived\u001b[39m\u001b[2m).\u001b[22mtoBe\u001b[2m(\u001b[22m\u001b[32mexpected\u001b[39m\u001b[2m) // Object.is equality\u001b[22m\n\nExpected: \u001b[32m\"API Error\"\u001b[39m\nReceived: \u001b[31m\"Cannot read properties of undefined (reading 'size')\"\u001b[39m\n    at Object.toBe (/Users/yaar/Playground/obsidian-smart-history/src/background/__tests__/robustness-data-integrity.test.js:146:28)\n    at processTicksAndRejections (node:internal/process/task_queues:103:5)"],"fullName":"RecordingLogic: データ整合性（P0） エッジケース: 書き込み失敗時のURL整合性 APIエラー時にURLが保存されないこと","invocations":1,"location":null,"numPassingAsserts":1,"retryReasons":[],"status":"failed","title":"APIエラー時にURLが保存されないこと"},{"ancestorTitles":["RecordingLogic: データ整合性（P0）","エッジケース: 書き込み失敗時のURL整合性"],"duration":18,"failureDetails":[{"matcherResult":{"actual":"Cannot read properties of undefined (reading 'size')","expected":"Request timeout","message":"\u001b[2mexpect(\u001b[22m\u001b[31mreceived\u001b[39m\u001b[2m).\u001b[22mtoBe\u001b[2m(\u001b[22m\u001b[32mexpected\u001b[39m\u001b[2m) // Object.is equality\u001b[22m\n\nExpected: \u001b[32m\"Request timeout\"\u001b[39m\nReceived: \u001b[31m\"Cannot read properties of undefined (reading 'size')\"\u001b[39m","name":"toBe","pass":false}}],"failureMessages":["Error: \u001b[2mexpect(\u001b[22m\u001b[31mreceived\u001b[39m\u001b[2m).\u001b[22mtoBe\u001b[2m(\u001b[22m\u001b[32mexpected\u001b[39m\u001b[2m) // Object.is equality\u001b[22m\n\nExpected: \u001b[32m\"Request timeout\"\u001b[39m\nReceived: \u001b[31m\"Cannot read properties of undefined (reading 'size')\"\u001b[39m\n    at Object.toBe (/Users/yaar/Playground/obsidian-smart-history/src/background/__tests__/robustness-data-integrity.test.js:164:28)\n    at processTicksAndRejections (node:internal/process/task_queues:103:5)"],"fullName":"RecordingLogic: データ整合性（P0） エッジケース: 書き込み失敗時のURL整合性 タイムアウト時にURLが保存されないこと","invocations":1,"location":null,"numPassingAsserts":1,"retryReasons":[],"status":"failed","title":"タイムアウト時にURLが保存されないこと"},{"ancestorTitles":["RecordingLogic: データ整合性（P0）","エッジケース: 重複URLの処理"],"duration":2,"failureDetails":[{"matcherResult":{"actual":false,"expected":true,"message":"\u001b[2mexpect(\u001b[22m\u001b[31mreceived\u001b[39m\u001b[2m).\u001b[22mtoBe\u001b[2m(\u001b[22m\u001b[32mexpected\u001b[39m\u001b[2m) // Object.is equality\u001b[22m\n\nExpected: \u001b[32mtrue\u001b[39m\nReceived: \u001b[31mfalse\u001b[39m","name":"toBe","pass":false}}],"failureMessages":["Error: \u001b[2mexpect(\u001b[22m\u001b[31mreceived\u001b[39m\u001b[2m).\u001b[22mtoBe\u001b[2m(\u001b[22m\u001b[32mexpected\u001b[39m\u001b[2m) // Object.is equality\u001b[22m\n\nExpected: \u001b[32mtrue\u001b[39m\nReceived: \u001b[31mfalse\u001b[39m\n    at Object.toBe (/Users/yaar/Playground/obsidian-smart-history/src/background/__tests__/robustness-data-integrity.test.js:186:30)\n    at processTicksAndRejections (node:internal/process/task_queues:103:5)"],"fullName":"RecordingLogic: データ整合性（P0） エッジケース: 重複URLの処理 既存のURLが保存されている場合、重複チェックが正しく動作すること","invocations":1,"location":null,"numPassingAsserts":0,"retryReasons":[],"status":"failed","title":"既存のURLが保存されている場合、重複チェックが正しく動作すること"},{"ancestorTitles":["RecordingLogic: データ整合性（P0）","エッジケース: 重複URLの処理"],"duration":2,"failureDetails":[{"matcherResult":{"actual":false,"expected":true,"message":"\u001b[2mexpect(\u001b[22m\u001b[31mreceived\u001b[39m\u001b[2m).\u001b[22mtoBe\u001b[2m(\u001b[22m\u001b[32mexpected\u001b[39m\u001b[2m) // Object.is equality\u001b[22m\n\nExpected: \u001b[32mtrue\u001b[39m\nReceived: \u001b[31mfalse\u001b[39m","name":"toBe","pass":false}}],"failureMessages":["Error: \u001b[2mexpect(\u001b[22m\u001b[31mreceived\u001b[39m\u001b[2m).\u001b[22mtoBe\u001b[2m(\u001b[22m\u001b[32mexpected\u001b[39m\u001b[2m) // Object.is equality\u001b[22m\n\nExpected: \u001b[32mtrue\u001b[39m\nReceived: \u001b[31mfalse\u001b[39m\n    at Object.toBe (/Users/yaar/Playground/obsidian-smart-history/src/background/__tests__/robustness-data-integrity.test.js:207:30)\n    at processTicksAndRejections (node:internal/process/task_queues:103:5)"],"fullName":"RecordingLogic: データ整合性（P0） エッジケース: 重複URLの処理 新しいURLの場合にのみsetSavedUrlsが呼ばれること","invocations":1,"location":null,"numPassingAsserts":0,"retryReasons":[],"status":"failed","title":"新しいURLの場合にのみsetSavedUrlsが呼ばれること"},{"ancestorTitles":["RecordingLogic: データ整合性（P0）","エッジケース: force記録の場合"],"duration":25,"failureDetails":[],"failureMessages":[],"fullName":"RecordingLogic: データ整合性（P0） エッジケース: force記録の場合 force=trueの場合でも書き込み失敗時にURLが保存されないこと","invocations":1,"location":null,"numPassingAsserts":2,"retryReasons":[],"status":"passed","title":"force=trueの場合でも書き込み失敗時にURLが保存されないこと"},{"ancestorTitles":["RecordingLogic: データ整合性（P0）","エッジケース: 並列呼び出し時の整合性"],"duration":1,"failureDetails":[{"matcherResult":{"actual":false,"expected":true,"message":"\u001b[2mexpect(\u001b[22m\u001b[31mreceived\u001b[39m\u001b[2m).\u001b[22mtoBe\u001b[2m(\u001b[22m\u001b[32mexpected\u001b[39m\u001b[2m) // Object.is equality\u001b[22m\n\nExpected: \u001b[32mtrue\u001b[39m\nReceived: \u001b[31mfalse\u001b[39m","name":"toBe","pass":false}}],"failureMessages":["Error: \u001b[2mexpect(\u001b[22m\u001b[31mreceived\u001b[39m\u001b[2m).\u001b[22mtoBe\u001b[2m(\u001b[22m\u001b[32mexpected\u001b[39m\u001b[2m) // Object.is equality\u001b[22m\n\nExpected: \u001b[32mtrue\u001b[39m\nReceived: \u001b[31mfalse\u001b[39m\n    at Object.toBe (/Users/yaar/Playground/obsidian-smart-history/src/background/__tests__/robustness-data-integrity.test.js:262:32)\n    at processTicksAndRejections (node:internal/process/task_queues:103:5)"],"fullName":"RecordingLogic: データ整合性（P0） エッジケース: 並列呼び出し時の整合性 並列呼び出し時にURLが正しく保存されること","invocations":1,"location":null,"numPassingAsserts":0,"retryReasons":[],"status":"failed","title":"並列呼び出し時にURLが正しく保存されること"},{"ancestorTitles":["RecordingLogic: データ整合性（P0）","エッジケース: 並列呼び出し時の整合性"],"duration":2,"failureDetails":[{"matcherResult":{"actual":false,"expected":true,"message":"\u001b[2mexpect(\u001b[22m\u001b[31mreceived\u001b[39m\u001b[2m).\u001b[22mtoBe\u001b[2m(\u001b[22m\u001b[32mexpected\u001b[39m\u001b[2m) // Object.is equality\u001b[22m\n\nExpected: \u001b[32mtrue\u001b[39m\nReceived: \u001b[31mfalse\u001b[39m","name":"toBe","pass":false}}],"failureMessages":["Error: \u001b[2mexpect(\u001b[22m\u001b[31mreceived\u001b[39m\u001b[2m).\u001b[22mtoBe\u001b[2m(\u001b[22m\u001b[32mexpected\u001b[39m\u001b[2m) // Object.is equality\u001b[22m\n\nExpected: \u001b[32mtrue\u001b[39m\nReceived: \u001b[31mfalse\u001b[39m\n    at Object.toBe (/Users/yaar/Playground/obsidian-smart-history/src/background/__tests__/robustness-data-integrity.test.js:300:34)\n    at processTicksAndRejections (node:internal/process/task_queues:103:5)"],"fullName":"RecordingLogic: データ整合性（P0） エッジケース: 並列呼び出し時の整合性 並列呼び出し時に一部のリクエストが失敗した場合の整合性を確認","invocations":1,"location":null,"numPassingAsserts":0,"retryReasons":[],"status":"failed","title":"並列呼び出し時に一部のリクエストが失敗した場合の整合性を確認"}],"endTime":1771104815582,"message":"\u001b[1m\u001b[31m  \u001b[1m● \u001b[22m\u001b[1mRecordingLogic: データ整合性（P0） › 現在の実装の確認 › Obsidian書き込み成功時にのみURLが保存されていることを確認\u001b[39m\u001b[22m\n\n    \u001b[2mexpect(\u001b[22m\u001b[31mreceived\u001b[39m\u001b[2m).\u001b[22mtoBe\u001b[2m(\u001b[22m\u001b[32mexpected\u001b[39m\u001b[2m) // Object.is equality\u001b[22m\n\n    Expected: \u001b[32mtrue\u001b[39m\n    Received: \u001b[31mfalse\u001b[39m\n\u001b[2m\u001b[22m\n\u001b[2m    \u001b[0m \u001b[90m 106 |\u001b[39m       })\u001b[33m;\u001b[39m\u001b[22m\n\u001b[2m     \u001b[90m 107 |\u001b[39m\u001b[22m\n\u001b[2m    \u001b[31m\u001b[1m>\u001b[22m\u001b[2m\u001b[39m\u001b[90m 108 |\u001b[39m       expect(result\u001b[33m.\u001b[39msuccess)\u001b[33m.\u001b[39mtoBe(\u001b[36mtrue\u001b[39m)\u001b[33m;\u001b[39m\u001b[22m\n\u001b[2m     \u001b[90m     |\u001b[39m                              \u001b[31m\u001b[1m^\u001b[22m\u001b[2m\u001b[39m\u001b[22m\n\u001b[2m     \u001b[90m 109 |\u001b[39m       expect(setSavedUrls)\u001b[33m.\u001b[39mtoHaveBeenCalled()\u001b[33m;\u001b[39m\u001b[22m\n\u001b[2m     \u001b[90m 110 |\u001b[39m     })\u001b[33m;\u001b[39m\u001b[22m\n\u001b[2m     \u001b[90m 111 |\u001b[39m   })\u001b[33m;\u001b[39m\u001b[0m\u001b[22m\n\u001b[2m\u001b[22m\n\u001b[2m      \u001b[2mat Object.toBe (\u001b[22m\u001b[2m\u001b[0m\u001b[36msrc/background/__tests__/robustness-data-integrity.test.js\u001b[39m\u001b[0m\u001b[2m:108:30)\u001b[22m\u001b[2m\u001b[22m\n\n\u001b[1m\u001b[31m  \u001b[1m● \u001b[22m\u001b[1mRecordingLogic: データ整合性（P0） › エッジケース: 書き込み失敗時のURL整合性 › ネットワークエラー時にURLが保存されないこと\u001b[39m\u001b[22m\n\n    \u001b[2mexpect(\u001b[22m\u001b[31mreceived\u001b[39m\u001b[2m).\u001b[22mtoBe\u001b[2m(\u001b[22m\u001b[32mexpected\u001b[39m\u001b[2m) // Object.is equality\u001b[22m\n\n    Expected: \u001b[32m\"Network error\"\u001b[39m\n    Received: \u001b[31m\"Cannot read properties of undefined (reading 'size')\"\u001b[39m\n\u001b[2m\u001b[22m\n\u001b[2m    \u001b[0m \u001b[90m 126 |\u001b[39m\u001b[22m\n\u001b[2m     \u001b[90m 127 |\u001b[39m       expect(result\u001b[33m.\u001b[39msuccess)\u001b[33m.\u001b[39mtoBe(\u001b[36mfalse\u001b[39m)\u001b[33m;\u001b[39m\u001b[22m\n\u001b[2m    \u001b[31m\u001b[1m>\u001b[22m\u001b[2m\u001b[39m\u001b[90m 128 |\u001b[39m       expect(result\u001b[33m.\u001b[39merror)\u001b[33m.\u001b[39mtoBe(\u001b[32m'Network error'\u001b[39m)\u001b[33m;\u001b[39m\u001b[22m\n\u001b[2m     \u001b[90m     |\u001b[39m                            \u001b[31m\u001b[1m^\u001b[22m\u001b[2m\u001b[39m\u001b[22m\n\u001b[2m     \u001b[90m 129 |\u001b[39m       expect(setSavedUrls)\u001b[33m.\u001b[39mnot\u001b[33m.\u001b[39mtoHaveBeenCalled()\u001b[33m;\u001b[39m\u001b[22m\n\u001b[2m     \u001b[90m 130 |\u001b[39m     })\u001b[33m;\u001b[39m\u001b[22m\n\u001b[2m     \u001b[90m 131 |\u001b[39m\u001b[0m\u001b[22m\n\u001b[2m\u001b[22m\n\u001b[2m      \u001b[2mat Object.toBe (\u001b[22m\u001b[2m\u001b[0m\u001b[36msrc/background/__tests__/robustness-data-integrity.test.js\u001b[39m\u001b[0m\u001b[2m:128:28)\u001b[22m\u001b[2m\u001b[22m\n\n\u001b[1m\u001b[31m  \u001b[1m● \u001b[22m\u001b[1mRecordingLogic: データ整合性（P0） › エッジケース: 書き込み失敗時のURL整合性 › APIエラー時にURLが保存されないこと\u001b[39m\u001b[22m\n\n    \u001b[2mexpect(\u001b[22m\u001b[31mreceived\u001b[39m\u001b[2m).\u001b[22mtoBe\u001b[2m(\u001b[22m\u001b[32mexpected\u001b[39m\u001b[2m) // Object.is equality\u001b[22m\n\n    Expected: \u001b[32m\"API Error\"\u001b[39m\n    Received: \u001b[31m\"Cannot read properties of undefined (reading 'size')\"\u001b[39m\n\u001b[2m\u001b[22m\n\u001b[2m    \u001b[0m \u001b[90m 144 |\u001b[39m\u001b[22m\n\u001b[2m     \u001b[90m 145 |\u001b[39m       expect(result\u001b[33m.\u001b[39msuccess)\u001b[33m.\u001b[39mtoBe(\u001b[36mfalse\u001b[39m)\u001b[33m;\u001b[39m\u001b[22m\n\u001b[2m    \u001b[31m\u001b[1m>\u001b[22m\u001b[2m\u001b[39m\u001b[90m 146 |\u001b[39m       expect(result\u001b[33m.\u001b[39merror)\u001b[33m.\u001b[39mtoBe(\u001b[32m'API Error'\u001b[39m)\u001b[33m;\u001b[39m\u001b[22m\n\u001b[2m     \u001b[90m     |\u001b[39m                            \u001b[31m\u001b[1m^\u001b[22m\u001b[2m\u001b[39m\u001b[22m\n\u001b[2m     \u001b[90m 147 |\u001b[39m       expect(setSavedUrls)\u001b[33m.\u001b[39mnot\u001b[33m.\u001b[39mtoHaveBeenCalled()\u001b[33m;\u001b[39m\u001b[22m\n\u001b[2m     \u001b[90m 148 |\u001b[39m     })\u001b[33m;\u001b[39m\u001b[22m\n\u001b[2m     \u001b[90m 149 |\u001b[39m\u001b[0m\u001b[22m\n\u001b[2m\u001b[22m\n\u001b[2m      \u001b[2mat Object.toBe (\u001b[22m\u001b[2m\u001b[0m\u001b[36msrc/background/__tests__/robustness-data-integrity.test.js\u001b[39m\u001b[0m\u001b[2m:146:28)\u001b[22m\u001b[2m\u001b[22m\n\n\u001b[1m\u001b[31m  \u001b[1m● \u001b[22m\u001b[1mRecordingLogic: データ整合性（P0） › エッジケース: 書き込み失敗時のURL整合性 › タイムアウト時にURLが保存されないこと\u001b[39m\u001b[22m\n\n    \u001b[2mexpect(\u001b[22m\u001b[31mreceived\u001b[39m\u001b[2m).\u001b[22mtoBe\u001b[2m(\u001b[22m\u001b[32mexpected\u001b[39m\u001b[2m) // Object.is equality\u001b[22m\n\n    Expected: \u001b[32m\"Request timeout\"\u001b[39m\n    Received: \u001b[31m\"Cannot read properties of undefined (reading 'size')\"\u001b[39m\n\u001b[2m\u001b[22m\n\u001b[2m    \u001b[0m \u001b[90m 162 |\u001b[39m\u001b[22m\n\u001b[2m     \u001b[90m 163 |\u001b[39m       expect(result\u001b[33m.\u001b[39msuccess)\u001b[33m.\u001b[39mtoBe(\u001b[36mfalse\u001b[39m)\u001b[33m;\u001b[39m\u001b[22m\n\u001b[2m    \u001b[31m\u001b[1m>\u001b[22m\u001b[2m\u001b[39m\u001b[90m 164 |\u001b[39m       expect(result\u001b[33m.\u001b[39merror)\u001b[33m.\u001b[39mtoBe(\u001b[32m'Request timeout'\u001b[39m)\u001b[33m;\u001b[39m\u001b[22m\n\u001b[2m     \u001b[90m     |\u001b[39m                            \u001b[31m\u001b[1m^\u001b[22m\u001b[2m\u001b[39m\u001b[22m\n\u001b[2m     \u001b[90m 165 |\u001b[39m       expect(setSavedUrls)\u001b[33m.\u001b[39mnot\u001b[33m.\u001b[39mtoHaveBeenCalled()\u001b[33m;\u001b[39m\u001b[22m\n\u001b[2m     \u001b[90m 166 |\u001b[39m     })\u001b[33m;\u001b[39m\u001b[22m\n\u001b[2m     \u001b[90m 167 |\u001b[39m   })\u001b[33m;\u001b[39m\u001b[0m\u001b[22m\n\u001b[2m\u001b[22m\n\u001b[2m      \u001b[2mat Object.toBe (\u001b[22m\u001b[2m\u001b[0m\u001b[36msrc/background/__tests__/robustness-data-integrity.test.js\u001b[39m\u001b[0m\u001b[2m:164:28)\u001b[22m\u001b[2m\u001b[22m\n\n\u001b[1m\u001b[31m  \u001b[1m● \u001b[22m\u001b[1mRecordingLogic: データ整合性（P0） › エッジケース: 重複URLの処理 › 既存のURLが保存されている場合、重複チェックが正しく動作すること\u001b[39m\u001b[22m\n\n    \u001b[2mexpect(\u001b[22m\u001b[31mreceived\u001b[39m\u001b[2m).\u001b[22mtoBe\u001b[2m(\u001b[22m\u001b[32mexpected\u001b[39m\u001b[2m) // Object.is equality\u001b[22m\n\n    Expected: \u001b[32mtrue\u001b[39m\n    Received: \u001b[31mfalse\u001b[39m\n\u001b[2m\u001b[22m\n\u001b[2m    \u001b[0m \u001b[90m 184 |\u001b[39m       })\u001b[33m;\u001b[39m\u001b[22m\n\u001b[2m     \u001b[90m 185 |\u001b[39m\u001b[22m\n\u001b[2m    \u001b[31m\u001b[1m>\u001b[22m\u001b[2m\u001b[39m\u001b[90m 186 |\u001b[39m       expect(result\u001b[33m.\u001b[39msuccess)\u001b[33m.\u001b[39mtoBe(\u001b[36mtrue\u001b[39m)\u001b[33m;\u001b[39m\u001b[22m\n\u001b[2m     \u001b[90m     |\u001b[39m                              \u001b[31m\u001b[1m^\u001b[22m\u001b[2m\u001b[39m\u001b[22m\n\u001b[2m     \u001b[90m 187 |\u001b[39m       expect(result\u001b[33m.\u001b[39mskipped)\u001b[33m.\u001b[39mtoBe(\u001b[36mtrue\u001b[39m)\u001b[33m;\u001b[39m\u001b[22m\n\u001b[2m     \u001b[90m 188 |\u001b[39m       expect(setSavedUrls)\u001b[33m.\u001b[39mnot\u001b[33m.\u001b[39mtoHaveBeenCalled()\u001b[33m;\u001b[39m\u001b[22m\n\u001b[2m     \u001b[90m 189 |\u001b[39m     })\u001b[33m;\u001b[39m\u001b[0m\u001b[22m\n\u001b[2m\u001b[22m\n\u001b[2m      \u001b[2mat Object.toBe (\u001b[22m\u001b[2m\u001b[0m\u001b[36msrc/background/__tests__/robustness-data-integrity.test.js\u001b[39m\u001b[0m\u001b[2m:186:30)\u001b[22m\u001b[2m\u001b[22m\n\n\u001b[1m\u001b[31m  \u001b[1m● \u001b[22m\u001b[1mRecordingLogic: データ整合性（P0） › エッジケース: 重複URLの処理 › 新しいURLの場合にのみsetSavedUrlsが呼ばれること\u001b[39m\u001b[22m\n\n    \u001b[2mexpect(\u001b[22m\u001b[31mreceived\u001b[39m\u001b[2m).\u001b[22mtoBe\u001b[2m(\u001b[22m\u001b[32mexpected\u001b[39m\u001b[2m) // Object.is equality\u001b[22m\n\n    Expected: \u001b[32mtrue\u001b[39m\n    Received: \u001b[31mfalse\u001b[39m\n\u001b[2m\u001b[22m\n\u001b[2m    \u001b[0m \u001b[90m 205 |\u001b[39m       })\u001b[33m;\u001b[39m\u001b[22m\n\u001b[2m     \u001b[90m 206 |\u001b[39m\u001b[22m\n\u001b[2m    \u001b[31m\u001b[1m>\u001b[22m\u001b[2m\u001b[39m\u001b[90m 207 |\u001b[39m       expect(result\u001b[33m.\u001b[39msuccess)\u001b[33m.\u001b[39mtoBe(\u001b[36mtrue\u001b[39m)\u001b[33m;\u001b[39m\u001b[22m\n\u001b[2m     \u001b[90m     |\u001b[39m                              \u001b[31m\u001b[1m^\u001b[22m\u001b[2m\u001b[39m\u001b[22m\n\u001b[2m     \u001b[90m 208 |\u001b[39m       expect(result\u001b[33m.\u001b[39mskipped)\u001b[33m.\u001b[39mtoBeUndefined()\u001b[33m;\u001b[39m\u001b[22m\n\u001b[2m     \u001b[90m 209 |\u001b[39m       expect(setSavedUrls)\u001b[33m.\u001b[39mtoHaveBeenCalled()\u001b[33m;\u001b[39m\u001b[22m\n\u001b[2m     \u001b[90m 210 |\u001b[39m       \u001b[90m// URLが追加されていることを確認\u001b[39m\u001b[0m\u001b[22m\n\u001b[2m\u001b[22m\n\u001b[2m      \u001b[2mat Object.toBe (\u001b[22m\u001b[2m\u001b[0m\u001b[36msrc/background/__tests__/robustness-data-integrity.test.js\u001b[39m\u001b[0m\u001b[2m:207:30)\u001b[22m\u001b[2m\u001b[22m\n\n\u001b[1m\u001b[31m  \u001b[1m● \u001b[22m\u001b[1mRecordingLogic: データ整合性（P0） › エッジケース: 並列呼び出し時の整合性 › 並列呼び出し時にURLが正しく保存されること\u001b[39m\u001b[22m\n\n    \u001b[2mexpect(\u001b[22m\u001b[31mreceived\u001b[39m\u001b[2m).\u001b[22mtoBe\u001b[2m(\u001b[22m\u001b[32mexpected\u001b[39m\u001b[2m) // Object.is equality\u001b[22m\n\n    Expected: \u001b[32mtrue\u001b[39m\n    Received: \u001b[31mfalse\u001b[39m\n\u001b[2m\u001b[22m\n\u001b[2m    \u001b[0m \u001b[90m 260 |\u001b[39m         })\u001b[33m;\u001b[39m\u001b[22m\n\u001b[2m     \u001b[90m 261 |\u001b[39m\u001b[22m\n\u001b[2m    \u001b[31m\u001b[1m>\u001b[22m\u001b[2m\u001b[39m\u001b[90m 262 |\u001b[39m         expect(result\u001b[33m.\u001b[39msuccess)\u001b[33m.\u001b[39mtoBe(\u001b[36mtrue\u001b[39m)\u001b[33m;\u001b[39m\u001b[22m\n\u001b[2m     \u001b[90m     |\u001b[39m                                \u001b[31m\u001b[1m^\u001b[22m\u001b[2m\u001b[39m\u001b[22m\n\u001b[2m     \u001b[90m 263 |\u001b[39m         expect(setSavedUrls)\u001b[33m.\u001b[39mtoHaveBeenCalledTimes(\u001b[35m1\u001b[39m)\u001b[33m;\u001b[39m\u001b[22m\n\u001b[2m     \u001b[90m 264 |\u001b[39m         savedUrlsCalledTimes\u001b[33m++\u001b[39m\u001b[33m;\u001b[39m\u001b[22m\n\u001b[2m     \u001b[90m 265 |\u001b[39m       }\u001b[0m\u001b[22m\n\u001b[2m\u001b[22m\n\u001b[2m      \u001b[2mat Object.toBe (\u001b[22m\u001b[2m\u001b[0m\u001b[36msrc/background/__tests__/robustness-data-integrity.test.js\u001b[39m\u001b[0m\u001b[2m:262:32)\u001b[22m\u001b[2m\u001b[22m\n\n\u001b[1m\u001b[31m  \u001b[1m● \u001b[22m\u001b[1mRecordingLogic: データ整合性（P0） › エッジケース: 並列呼び出し時の整合性 › 並列呼び出し時に一部のリクエストが失敗した場合の整合性を確認\u001b[39m\u001b[22m\n\n    \u001b[2mexpect(\u001b[22m\u001b[31mreceived\u001b[39m\u001b[2m).\u001b[22mtoBe\u001b[2m(\u001b[22m\u001b[32mexpected\u001b[39m\u001b[2m) // Object.is equality\u001b[22m\n\n    Expected: \u001b[32mtrue\u001b[39m\n    Received: \u001b[31mfalse\u001b[39m\n\u001b[2m\u001b[22m\n\u001b[2m    \u001b[0m \u001b[90m 298 |\u001b[39m         \u001b[90m// 奇数番目のリクエスト（1, 3）が失敗、偶数番目（0, 2）が成功\u001b[39m\u001b[22m\n\u001b[2m     \u001b[90m 299 |\u001b[39m         \u001b[36mif\u001b[39m (i \u001b[33m%\u001b[39m \u001b[35m2\u001b[39m \u001b[33m===\u001b[39m \u001b[35m0\u001b[39m) {\u001b[22m\n\u001b[2m    \u001b[31m\u001b[1m>\u001b[22m\u001b[2m\u001b[39m\u001b[90m 300 |\u001b[39m           expect(result\u001b[33m.\u001b[39msuccess)\u001b[33m.\u001b[39mtoBe(\u001b[36mtrue\u001b[39m)\u001b[33m;\u001b[39m\u001b[22m\n\u001b[2m     \u001b[90m     |\u001b[39m                                  \u001b[31m\u001b[1m^\u001b[22m\u001b[2m\u001b[39m\u001b[22m\n\u001b[2m     \u001b[90m 301 |\u001b[39m           expect(setSavedUrls)\u001b[33m.\u001b[39mtoHaveBeenCalledTimes(\u001b[35m1\u001b[39m)\u001b[33m;\u001b[39m\u001b[22m\n\u001b[2m     \u001b[90m 302 |\u001b[39m         } \u001b[36melse\u001b[39m {\u001b[22m\n\u001b[2m     \u001b[90m 303 |\u001b[39m           expect(result\u001b[33m.\u001b[39msuccess)\u001b[33m.\u001b[39mtoBe(\u001b[36mfalse\u001b[39m)\u001b[33m;\u001b[39m\u001b[0m\u001b[22m\n\u001b[2m\u001b[22m\n\u001b[2m      \u001b[2mat Object.toBe (\u001b[22m\u001b[2m\u001b[0m\u001b[36msrc/background/__tests__/robustness-data-integrity.test.js\u001b[39m\u001b[0m\u001b[2m:300:34)\u001b[22m\u001b[2m\u001b[22m\n","name":"/Users/yaar/Playground/obsidian-smart-history/src/background/__tests__/robustness-data-integrity.test.js","startTime":1771104814785,"status":"failed","summary":""},{"assertionResults":[{"ancestorTitles":["Recording Integration Test"],"duration":13,"failureDetails":[{"matcherResult":{"actual":false,"expected":true,"message":"\u001b[2mexpect(\u001b[22m\u001b[31mreceived\u001b[39m\u001b[2m).\u001b[22mtoBe\u001b[2m(\u001b[22m\u001b[32mexpected\u001b[39m\u001b[2m) // Object.is equality\u001b[22m\n\nExpected: \u001b[32mtrue\u001b[39m\nReceived: \u001b[31mfalse\u001b[39m","name":"toBe","pass":false}}],"failureMessages":["Error: \u001b[2mexpect(\u001b[22m\u001b[31mreceived\u001b[39m\u001b[2m).\u001b[22mtoBe\u001b[2m(\u001b[22m\u001b[32mexpected\u001b[39m\u001b[2m) // Object.is equality\u001b[22m\n\nExpected: \u001b[32mtrue\u001b[39m\nReceived: \u001b[31mfalse\u001b[39m\n    at Object.toBe (/Users/yaar/Playground/obsidian-smart-history/src/background/__tests__/integration-recording.test.js:72:28)\n    at processTicksAndRejections (node:internal/process/task_queues:103:5)"],"fullName":"Recording Integration Test should successfully record a URL through full pipeline","invocations":1,"location":null,"numPassingAsserts":0,"retryReasons":[],"status":"failed","title":"should successfully record a URL through full pipeline"},{"ancestorTitles":["Recording Integration Test"],"duration":36,"failureDetails":[],"failureMessages":[],"fullName":"Recording Integration Test should handle force recording for blocked domains","invocations":1,"location":null,"numPassingAsserts":2,"retryReasons":[],"status":"passed","title":"should handle force recording for blocked domains"},{"ancestorTitles":["Recording Integration Test"],"duration":1,"failureDetails":[{"matcherResult":{"expected":true,"message":"\u001b[2mexpect(\u001b[22m\u001b[31mreceived\u001b[39m\u001b[2m).\u001b[22mtoBe\u001b[2m(\u001b[22m\u001b[32mexpected\u001b[39m\u001b[2m) // Object.is equality\u001b[22m\n\nExpected: \u001b[32mtrue\u001b[39m\nReceived: \u001b[31mundefined\u001b[39m","name":"toBe","pass":false}}],"failureMessages":["Error: \u001b[2mexpect(\u001b[22m\u001b[31mreceived\u001b[39m\u001b[2m).\u001b[22mtoBe\u001b[2m(\u001b[22m\u001b[32mexpected\u001b[39m\u001b[2m) // Object.is equality\u001b[22m\n\nExpected: \u001b[32mtrue\u001b[39m\nReceived: \u001b[31mundefined\u001b[39m\n    at Object.toBe (/Users/yaar/Playground/obsidian-smart-history/src/background/__tests__/integration-recording.test.js:100:28)\n    at processTicksAndRejections (node:internal/process/task_queues:103:5)"],"fullName":"Recording Integration Test should return preview data for previewOnly mode","invocations":1,"location":null,"numPassingAsserts":0,"retryReasons":[],"status":"failed","title":"should return preview data for previewOnly mode"},{"ancestorTitles":["Recording Integration Test"],"duration":2,"failureDetails":[],"failureMessages":[],"fullName":"Recording Integration Test should handle recording errors gracefully","invocations":1,"location":null,"numPassingAsserts":3,"retryReasons":[],"status":"passed","title":"should handle recording errors gracefully"}],"endTime":1771104815579,"message":"\u001b[1m\u001b[31m  \u001b[1m● \u001b[22m\u001b[1mRecording Integration Test › should successfully record a URL through full pipeline\u001b[39m\u001b[22m\n\n    \u001b[2mexpect(\u001b[22m\u001b[31mreceived\u001b[39m\u001b[2m).\u001b[22mtoBe\u001b[2m(\u001b[22m\u001b[32mexpected\u001b[39m\u001b[2m) // Object.is equality\u001b[22m\n\n    Expected: \u001b[32mtrue\u001b[39m\n    Received: \u001b[31mfalse\u001b[39m\n\u001b[2m\u001b[22m\n\u001b[2m    \u001b[0m \u001b[90m 70 |\u001b[39m     })\u001b[33m;\u001b[39m\u001b[22m\n\u001b[2m     \u001b[90m 71 |\u001b[39m\u001b[22m\n\u001b[2m    \u001b[31m\u001b[1m>\u001b[22m\u001b[2m\u001b[39m\u001b[90m 72 |\u001b[39m     expect(result\u001b[33m.\u001b[39msuccess)\u001b[33m.\u001b[39mtoBe(\u001b[36mtrue\u001b[39m)\u001b[33m;\u001b[39m\u001b[22m\n\u001b[2m     \u001b[90m    |\u001b[39m                            \u001b[31m\u001b[1m^\u001b[22m\u001b[2m\u001b[39m\u001b[22m\n\u001b[2m     \u001b[90m 73 |\u001b[39m     expect(mockObsidian\u001b[33m.\u001b[39mappendToDailyNote)\u001b[33m.\u001b[39mtoHaveBeenCalled()\u001b[33m;\u001b[39m\u001b[22m\n\u001b[2m     \u001b[90m 74 |\u001b[39m     expect(storage\u001b[33m.\u001b[39msetSavedUrls)\u001b[33m.\u001b[39mtoHaveBeenCalled()\u001b[33m;\u001b[39m\u001b[22m\n\u001b[2m     \u001b[90m 75 |\u001b[39m     expect(chrome\u001b[33m.\u001b[39mnotifications\u001b[33m.\u001b[39mcreate)\u001b[33m.\u001b[39mtoHaveBeenCalled()\u001b[33m;\u001b[39m\u001b[0m\u001b[22m\n\u001b[2m\u001b[22m\n\u001b[2m      \u001b[2mat Object.toBe (\u001b[22m\u001b[2m\u001b[0m\u001b[36msrc/background/__tests__/integration-recording.test.js\u001b[39m\u001b[0m\u001b[2m:72:28)\u001b[22m\u001b[2m\u001b[22m\n\n\u001b[1m\u001b[31m  \u001b[1m● \u001b[22m\u001b[1mRecording Integration Test › should return preview data for previewOnly mode\u001b[39m\u001b[22m\n\n    \u001b[2mexpect(\u001b[22m\u001b[31mreceived\u001b[39m\u001b[2m).\u001b[22mtoBe\u001b[2m(\u001b[22m\u001b[32mexpected\u001b[39m\u001b[2m) // Object.is equality\u001b[22m\n\n    Expected: \u001b[32mtrue\u001b[39m\n    Received: \u001b[31mundefined\u001b[39m\n\u001b[2m\u001b[22m\n\u001b[2m    \u001b[0m \u001b[90m  98 |\u001b[39m     })\u001b[33m;\u001b[39m\u001b[22m\n\u001b[2m     \u001b[90m  99 |\u001b[39m\u001b[22m\n\u001b[2m    \u001b[31m\u001b[1m>\u001b[22m\u001b[2m\u001b[39m\u001b[90m 100 |\u001b[39m     expect(result\u001b[33m.\u001b[39mpreview)\u001b[33m.\u001b[39mtoBe(\u001b[36mtrue\u001b[39m)\u001b[33m;\u001b[39m\u001b[22m\n\u001b[2m     \u001b[90m     |\u001b[39m                            \u001b[31m\u001b[1m^\u001b[22m\u001b[2m\u001b[39m\u001b[22m\n\u001b[2m     \u001b[90m 101 |\u001b[39m     expect(result\u001b[33m.\u001b[39mprocessedContent)\u001b[33m.\u001b[39mtoBeDefined()\u001b[33m;\u001b[39m\u001b[22m\n\u001b[2m     \u001b[90m 102 |\u001b[39m     expect(mockObsidian\u001b[33m.\u001b[39mappendToDailyNote)\u001b[33m.\u001b[39mnot\u001b[33m.\u001b[39mtoHaveBeenCalled()\u001b[33m;\u001b[39m\u001b[22m\n\u001b[2m     \u001b[90m 103 |\u001b[39m   })\u001b[33m;\u001b[39m\u001b[0m\u001b[22m\n\u001b[2m\u001b[22m\n\u001b[2m      \u001b[2mat Object.toBe (\u001b[22m\u001b[2m\u001b[0m\u001b[36msrc/background/__tests__/integration-recording.test.js\u001b[39m\u001b[0m\u001b[2m:100:28)\u001b[22m\u001b[2m\u001b[22m\n","name":"/Users/yaar/Playground/obsidian-smart-history/src/background/__tests__/integration-recording.test.js","startTime":1771104814822,"status":"failed","summary":""},{"assertionResults":[{"ancestorTitles":["isDomainInWhitelist"],"duration":6,"failureDetails":[],"failureMessages":[],"fullName":"isDomainInWhitelist should return true for exact matches","invocations":1,"location":null,"numPassingAsserts":2,"retryReasons":[],"status":"passed","title":"should return true for exact matches"},{"ancestorTitles":["isDomainInWhitelist"],"duration":18,"failureDetails":[],"failureMessages":[],"fullName":"isDomainInWhitelist should return true for Sakura Cloud API","invocations":1,"location":null,"numPassingAsserts":1,"retryReasons":[],"status":"passed","title":"should return true for Sakura Cloud API"},{"ancestorTitles":["isDomainInWhitelist"],"duration":0,"failureDetails":[],"failureMessages":[],"fullName":"isDomainInWhitelist should return true for localhost","invocations":1,"location":null,"numPassingAsserts":1,"retryReasons":[],"status":"passed","title":"should return true for localhost"},{"ancestorTitles":["isDomainInWhitelist"],"duration":1,"failureDetails":[],"failureMessages":[],"fullName":"isDomainInWhitelist should return false for unauthorized Sakura subdomains","invocations":1,"location":null,"numPassingAsserts":1,"retryReasons":[],"status":"passed","title":"should return false for unauthorized Sakura subdomains"},{"ancestorTitles":["isDomainInWhitelist"],"duration":0,"failureDetails":[],"failureMessages":[],"fullName":"isDomainInWhitelist should return false for domains not in whitelist","invocations":1,"location":null,"numPassingAsserts":2,"retryReasons":[],"status":"passed","title":"should return false for domains not in whitelist"},{"ancestorTitles":["isDomainInWhitelist"],"duration":1,"failureDetails":[],"failureMessages":[],"fullName":"isDomainInWhitelist should handle invalid URLs gracefully","invocations":1,"location":null,"numPassingAsserts":1,"retryReasons":[],"status":"passed","title":"should handle invalid URLs gracefully"},{"ancestorTitles":["Storage Constants","MAX_URL_SET_SIZE"],"duration":0,"failureDetails":[],"failureMessages":[],"fullName":"Storage Constants MAX_URL_SET_SIZE should be 10000","invocations":1,"location":null,"numPassingAsserts":1,"retryReasons":[],"status":"passed","title":"should be 10000"},{"ancestorTitles":["Storage Constants","URL_WARNING_THRESHOLD"],"duration":0,"failureDetails":[],"failureMessages":[],"fullName":"Storage Constants URL_WARNING_THRESHOLD should be 8000","invocations":1,"location":null,"numPassingAsserts":1,"retryReasons":[],"status":"passed","title":"should be 8000"},{"ancestorTitles":["normalizeUrl"],"duration":1,"failureDetails":[],"failureMessages":[],"fullName":"normalizeUrl should remove trailing slash","invocations":1,"location":null,"numPassingAsserts":2,"retryReasons":[],"status":"passed","title":"should remove trailing slash"},{"ancestorTitles":["normalizeUrl"],"duration":0,"failureDetails":[],"failureMessages":[],"fullName":"normalizeUrl should normalize protocol to lowercase","invocations":1,"location":null,"numPassingAsserts":2,"retryReasons":[],"status":"passed","title":"should normalize protocol to lowercase"},{"ancestorTitles":["normalizeUrl"],"duration":0,"failureDetails":[],"failureMessages":[],"fullName":"normalizeUrl should return original URL if invalid","invocations":1,"location":null,"numPassingAsserts":1,"retryReasons":[],"status":"passed","title":"should return original URL if invalid"},{"ancestorTitles":["buildAllowedUrls"],"duration":2,"failureDetails":[],"failureMessages":[],"fullName":"buildAllowedUrls should build allowed URLs from settings","invocations":1,"location":null,"numPassingAsserts":5,"retryReasons":[],"status":"passed","title":"should build allowed URLs from settings"},{"ancestorTitles":["buildAllowedUrls"],"duration":1,"failureDetails":[],"failureMessages":[],"fullName":"buildAllowedUrls should use default values for missing settings","invocations":1,"location":null,"numPassingAsserts":3,"retryReasons":[],"status":"passed","title":"should use default values for missing settings"},{"ancestorTitles":["buildAllowedUrls"],"duration":1,"failureDetails":[],"failureMessages":[],"fullName":"buildAllowedUrls should skip empty base URLs","invocations":1,"location":null,"numPassingAsserts":2,"retryReasons":[],"status":"passed","title":"should skip empty base URLs"},{"ancestorTitles":["computeUrlsHash"],"duration":1,"failureDetails":[],"failureMessages":[],"fullName":"computeUrlsHash should compute hash from URLs","invocations":1,"location":null,"numPassingAsserts":1,"retryReasons":[],"status":"passed","title":"should compute hash from URLs"},{"ancestorTitles":["computeUrlsHash"],"duration":0,"failureDetails":[],"failureMessages":[],"fullName":"computeUrlsHash should return empty string for empty set","invocations":1,"location":null,"numPassingAsserts":1,"retryReasons":[],"status":"passed","title":"should return empty string for empty set"},{"ancestorTitles":["computeUrlsHash"],"duration":0,"failureDetails":[],"failureMessages":[],"fullName":"computeUrlsHash should produce consistent hash for same URLs","invocations":1,"location":null,"numPassingAsserts":1,"retryReasons":[],"status":"passed","title":"should produce consistent hash for same URLs"},{"ancestorTitles":["APIキー暗号化統合","getOrCreateEncryptionKey"],"duration":48,"failureDetails":[],"failureMessages":[],"fullName":"APIキー暗号化統合 getOrCreateEncryptionKey ソルトとシークレットを生成してストレージに保存する","invocations":1,"location":null,"numPassingAsserts":4,"retryReasons":[],"status":"passed","title":"ソルトとシークレットを生成してストレージに保存する"},{"ancestorTitles":["APIキー暗号化統合","getOrCreateEncryptionKey"],"duration":52,"failureDetails":[],"failureMessages":[],"fullName":"APIキー暗号化統合 getOrCreateEncryptionKey 既存のソルト/シークレットを再利用する","invocations":1,"location":null,"numPassingAsserts":2,"retryReasons":[],"status":"passed","title":"既存のソルト/シークレットを再利用する"},{"ancestorTitles":["APIキー暗号化統合","getOrCreateEncryptionKey"],"duration":54,"failureDetails":[],"failureMessages":[],"fullName":"APIキー暗号化統合 getOrCreateEncryptionKey メモリキャッシュから同じキーを返す","invocations":1,"location":null,"numPassingAsserts":1,"retryReasons":[],"status":"passed","title":"メモリキャッシュから同じキーを返す"},{"ancestorTitles":["APIキー暗号化統合","saveSettings - 暗号化"],"duration":26,"failureDetails":[],"failureMessages":[],"fullName":"APIキー暗号化統合 saveSettings - 暗号化 APIキーを暗号化して保存する","invocations":1,"location":null,"numPassingAsserts":2,"retryReasons":[],"status":"passed","title":"APIキーを暗号化して保存する"},{"ancestorTitles":["APIキー暗号化統合","saveSettings - 暗号化"],"duration":16,"failureDetails":[],"failureMessages":[],"fullName":"APIキー暗号化統合 saveSettings - 暗号化 空のAPIキーは暗号化しない","invocations":1,"location":null,"numPassingAsserts":2,"retryReasons":[],"status":"passed","title":"空のAPIキーは暗号化しない"},{"ancestorTitles":["APIキー暗号化統合","saveSettings - 暗号化"],"duration":22,"failureDetails":[],"failureMessages":[],"fullName":"APIキー暗号化統合 saveSettings - 暗号化 APIキー以外のフィールドはそのまま保存する","invocations":1,"location":null,"numPassingAsserts":2,"retryReasons":[],"status":"passed","title":"APIキー以外のフィールドはそのまま保存する"},{"ancestorTitles":["APIキー暗号化統合","getSettings - 復号"],"duration":44,"failureDetails":[],"failureMessages":[],"fullName":"APIキー暗号化統合 getSettings - 復号 暗号化されたAPIキーを復号して返す","invocations":1,"location":null,"numPassingAsserts":2,"retryReasons":[],"status":"passed","title":"暗号化されたAPIキーを復号して返す"},{"ancestorTitles":["APIキー暗号化統合","getSettings - 復号"],"duration":14,"failureDetails":[],"failureMessages":[],"fullName":"APIキー暗号化統合 getSettings - 復号 平文APIキーをそのまま返す（後方互換性）","invocations":1,"location":null,"numPassingAsserts":1,"retryReasons":[],"status":"passed","title":"平文APIキーをそのまま返す（後方互換性）"},{"ancestorTitles":["APIキー暗号化統合","getSettings - 復号"],"duration":53,"failureDetails":[],"failureMessages":[],"fullName":"APIキー暗号化統合 getSettings - 復号 復号失敗時は空文字にフォールバックする","invocations":1,"location":null,"numPassingAsserts":1,"retryReasons":[],"status":"passed","title":"復号失敗時は空文字にフォールバックする"},{"ancestorTitles":["APIキー暗号化統合","暗号化→復号ラウンドトリップ"],"duration":34,"failureDetails":[],"failureMessages":[],"fullName":"APIキー暗号化統合 暗号化→復号ラウンドトリップ 全4つのAPIキーが正しくラウンドトリップする","invocations":1,"location":null,"numPassingAsserts":4,"retryReasons":[],"status":"passed","title":"全4つのAPIキーが正しくラウンドトリップする"},{"ancestorTitles":["APIキー暗号化統合","暗号化→復号ラウンドトリップ"],"duration":32,"failureDetails":[],"failureMessages":[],"fullName":"APIキー暗号化統合 暗号化→復号ラウンドトリップ APIキーとその他の設定が混在しても正しく動作する","invocations":1,"location":null,"numPassingAsserts":3,"retryReasons":[],"status":"passed","title":"APIキーとその他の設定が混在しても正しく動作する"}],"endTime":1771104815776,"message":"","name":"/Users/yaar/Playground/obsidian-smart-history/src/utils/__tests__/storage.test.js","startTime":1771104814774,"status":"passed","summary":""},{"assertionResults":[{"ancestorTitles":["Masked Information Visualization - プレビュー画面のマスク表示","正常系 - マスク件数表示"],"duration":16,"failureDetails":[],"failureMessages":[],"fullName":"Masked Information Visualization - プレビュー画面のマスク表示 正常系 - マスク件数表示 TC-MV-001: マスク件数1件が正しく表示される","invocations":1,"location":null,"numPassingAsserts":2,"retryReasons":[],"status":"passed","title":"TC-MV-001: マスク件数1件が正しく表示される"},{"ancestorTitles":["Masked Information Visualization - プレビュー画面のマスク表示","正常系 - マスク件数表示"],"duration":3,"failureDetails":[],"failureMessages":[],"fullName":"Masked Information Visualization - プレビュー画面のマスク表示 正常系 - マスク件数表示 TC-MV-002: マスク件数複数が正しく表示される","invocations":1,"location":null,"numPassingAsserts":1,"retryReasons":[],"status":"passed","title":"TC-MV-002: マスク件数複数が正しく表示される"},{"ancestorTitles":["Masked Information Visualization - プレビュー画面のマスク表示","正常系 - ハイライト表示"],"duration":3,"failureDetails":[],"failureMessages":[],"fullName":"Masked Information Visualization - プレビュー画面のマスク表示 正常系 - ハイライト表示 TC-MV-003: マスク箇所がプレーンテキストとして表示される","invocations":1,"location":null,"numPassingAsserts":2,"retryReasons":[],"status":"passed","title":"TC-MV-003: マスク箇所がプレーンテキストとして表示される"},{"ancestorTitles":["Masked Information Visualization - プレビュー画面のマスク表示","正常系 - ハイライト表示"],"duration":4,"failureDetails":[],"failureMessages":[],"fullName":"Masked Information Visualization - プレビュー画面のマスク表示 正常系 - ハイライト表示 TC-MV-004: ナビゲーションUIが表示される","invocations":1,"location":null,"numPassingAsserts":2,"retryReasons":[],"status":"passed","title":"TC-MV-004: ナビゲーションUIが表示される"},{"ancestorTitles":["Masked Information Visualization - プレビュー画面のマスク表示","正常系 - 互換性"],"duration":4,"failureDetails":[],"failureMessages":[],"fullName":"Masked Information Visualization - プレビュー画面のマスク表示 正常系 - 互換性 TC-MV-005: showPreviewの単一引数呼び出し互換性が維持されている","invocations":1,"location":null,"numPassingAsserts":2,"retryReasons":[],"status":"passed","title":"TC-MV-005: showPreviewの単一引数呼び出し互換性が維持されている"},{"ancestorTitles":["Masked Information Visualization - プレビュー画面のマスク表示","正常系 - 互換性"],"duration":2,"failureDetails":[],"failureMessages":[],"fullName":"Masked Information Visualization - プレビュー画面のマスク表示 正常系 - 互換性 TC-MV-006: 複数の異なるPIIタイプが正しく識別される","invocations":1,"location":null,"numPassingAsserts":3,"retryReasons":[],"status":"passed","title":"TC-MV-006: 複数の異なるPIIタイプが正しく識別される"},{"ancestorTitles":["Masked Information Visualization - プレビュー画面のマスク表示","異常系 - エラーハンドリング"],"duration":8,"failureDetails":[],"failureMessages":[],"fullName":"Masked Information Visualization - プレビュー画面のマスク表示 異常系 - エラーハンドリング TC-MV-101: maskedItemsがnullの場合の動作","invocations":1,"location":null,"numPassingAsserts":2,"retryReasons":[],"status":"passed","title":"TC-MV-101: maskedItemsがnullの場合の動作"},{"ancestorTitles":["Masked Information Visualization - プレビュー画面のマスク表示","異常系 - エラーハンドリング"],"duration":10,"failureDetails":[],"failureMessages":[],"fullName":"Masked Information Visualization - プレビュー画面のマスク表示 異常系 - エラーハンドリング TC-MV-102: 不正なmaskedItems形式の場合の動作","invocations":1,"location":null,"numPassingAsserts":2,"retryReasons":[],"status":"passed","title":"TC-MV-102: 不正なmaskedItems形式の場合の動作"},{"ancestorTitles":["Masked Information Visualization - プレビュー画面のマスク表示","異常系 - エラーハンドリング"],"duration":5,"failureDetails":[],"failureMessages":[],"fullName":"Masked Information Visualization - プレビュー画面のマスク表示 異常系 - エラーハンドリング TC-MV-103: 正規表現特殊文字を含む場合","invocations":1,"location":null,"numPassingAsserts":2,"retryReasons":[],"status":"passed","title":"TC-MV-103: 正規表現特殊文字を含む場合"},{"ancestorTitles":["Masked Information Visualization - プレビュー画面のマスク表示","境界値 - 入力検証"],"duration":4,"failureDetails":[],"failureMessages":[],"fullName":"Masked Information Visualization - プレビュー画面のマスク表示 境界値 - 入力検証 TC-MV-201: マスク件数0件の場合","invocations":1,"location":null,"numPassingAsserts":3,"retryReasons":[],"status":"passed","title":"TC-MV-201: マスク件数0件の場合"},{"ancestorTitles":["Masked Information Visualization - プレビュー画面のマスク表示","境界値 - 入力検証"],"duration":2,"failureDetails":[],"failureMessages":[],"fullName":"Masked Information Visualization - プレビュー画面のマスク表示 境界値 - 入力検証 TC-MV-202: 極端なマスク件数（100件以上）","invocations":1,"location":null,"numPassingAsserts":2,"retryReasons":[],"status":"passed","title":"TC-MV-202: 極端なマスク件数（100件以上）"},{"ancestorTitles":["Masked Information Visualization - プレビュー画面のマスク表示","境界値 - 入力検証"],"duration":1,"failureDetails":[],"failureMessages":[],"fullName":"Masked Information Visualization - プレビュー画面のマスク表示 境界値 - 入力検証 TC-MV-203: 空文字のコンテンツ","invocations":1,"location":null,"numPassingAsserts":4,"retryReasons":[],"status":"passed","title":"TC-MV-203: 空文字のコンテンツ"},{"ancestorTitles":["Masked Information Visualization - プレビュー画面のマスク表示","境界値 - ステータスメッセージ要素の確認"],"duration":1,"failureDetails":[],"failureMessages":[],"fullName":"Masked Information Visualization - プレビュー画面のマスク表示 境界値 - ステータスメッセージ要素の確認 maskStatusMessage要素が作成される","invocations":1,"location":null,"numPassingAsserts":1,"retryReasons":[],"status":"passed","title":"maskStatusMessage要素が作成される"},{"ancestorTitles":["Masked Information Visualization - プレビュー画面のマスク表示","ナビゲーション機能"],"duration":6,"failureDetails":[],"failureMessages":[],"fullName":"Masked Information Visualization - プレビュー画面のマスク表示 ナビゲーション機能 次のマスク箇所へジャンプ","invocations":1,"location":null,"numPassingAsserts":2,"retryReasons":[],"status":"passed","title":"次のマスク箇所へジャンプ"},{"ancestorTitles":["Masked Information Visualization - プレビュー画面のマスク表示","ナビゲーション機能"],"duration":3,"failureDetails":[],"failureMessages":[],"fullName":"Masked Information Visualization - プレビュー画面のマスク表示 ナビゲーション機能 前のマスク箇所へジャンプ","invocations":1,"location":null,"numPassingAsserts":2,"retryReasons":[],"status":"passed","title":"前のマスク箇所へジャンプ"},{"ancestorTitles":["Masked Information Visualization - プレビュー画面のマスク表示","ナビゲーション機能"],"duration":3,"failureDetails":[],"failureMessages":[],"fullName":"Masked Information Visualization - プレビュー画面のマスク表示 ナビゲーション機能 マスク箇所がない場合はナビゲーションしない","invocations":1,"location":null,"numPassingAsserts":1,"retryReasons":[],"status":"passed","title":"マスク箇所がない場合はナビゲーションしない"},{"ancestorTitles":["Masked Information Visualization - プレビュー画面のマスク表示","モーダルが存在しない場合"],"duration":19,"failureDetails":[],"failureMessages":[],"fullName":"Masked Information Visualization - プレビュー画面のマスク表示 モーダルが存在しない場合 モーダルがない場合は自動的にconfirmedを返す","invocations":1,"location":null,"numPassingAsserts":1,"retryReasons":[],"status":"passed","title":"モーダルがない場合は自動的にconfirmedを返す"},{"ancestorTitles":["Masked Information Visualization - プレビュー画面のマスク表示","maskStatusMessageの動的作成"],"duration":7,"failureDetails":[],"failureMessages":[],"fullName":"Masked Information Visualization - プレビュー画面のマスク表示 maskStatusMessageの動的作成 maskStatusMessageが存在しない場合は動的に作成される","invocations":1,"location":null,"numPassingAsserts":3,"retryReasons":[],"status":"passed","title":"maskStatusMessageが存在しない場合は動的に作成される"},{"ancestorTitles":["Masked Information Visualization - プレビュー画面のマスク表示","initializeModalEvents"],"duration":0,"failureDetails":[],"failureMessages":[],"fullName":"Masked Information Visualization - プレビュー画面のマスク表示 initializeModalEvents ボタン要素が存在しない場合でもエラーを投げない","invocations":1,"location":null,"numPassingAsserts":1,"retryReasons":[],"status":"passed","title":"ボタン要素が存在しない場合でもエラーを投げない"},{"ancestorTitles":["Masked Information Visualization - プレビュー画面のマスク表示","initializeModalEvents"],"duration":1,"failureDetails":[],"failureMessages":[],"fullName":"Masked Information Visualization - プレビュー画面のマスク表示 initializeModalEvents ResizeObserverが未定義の場合でもエラーを投げない","invocations":1,"location":null,"numPassingAsserts":1,"retryReasons":[],"status":"passed","title":"ResizeObserverが未定義の場合でもエラーを投げない"},{"ancestorTitles":["Masked Information Visualization - プレビュー画面のマスク表示","initializeModalEvents"],"duration":2,"failureDetails":[],"failureMessages":[],"fullName":"Masked Information Visualization - プレビュー画面のマスク表示 initializeModalEvents PERF-007: initializeModalEventsを複数回呼んでもResizeObserverがクリーンアップされる","invocations":1,"location":null,"numPassingAsserts":6,"retryReasons":[],"status":"passed","title":"PERF-007: initializeModalEventsを複数回呼んでもResizeObserverがクリーンアップされる"},{"ancestorTitles":["Masked Information Visualization - プレビュー画面のマスク表示","initializeModalEvents"],"duration":1,"failureDetails":[],"failureMessages":[],"fullName":"Masked Information Visualization - プレビュー画面のマスク表示 initializeModalEvents PERF-007: cleanupModalEventsでResizeObserverが解放される","invocations":1,"location":null,"numPassingAsserts":3,"retryReasons":[],"status":"passed","title":"PERF-007: cleanupModalEventsでResizeObserverが解放される"},{"ancestorTitles":["Masked Information Visualization - プレビュー画面のマスク表示","handleAction - モーダル操作の結果"],"duration":2,"failureDetails":[],"failureMessages":[],"fullName":"Masked Information Visualization - プレビュー画面のマスク表示 handleAction - モーダル操作の結果 モーダル表示後にボタン要素が存在する","invocations":1,"location":null,"numPassingAsserts":3,"retryReasons":[],"status":"passed","title":"モーダル表示後にボタン要素が存在する"},{"ancestorTitles":["Masked Information Visualization - プレビュー画面のマスク表示","setPreviewContent - 内部関数のカバレッジ"],"duration":1,"failureDetails":[],"failureMessages":[],"fullName":"Masked Information Visualization - プレビュー画面のマスク表示 setPreviewContent - 内部関数のカバレッジ previewContentがnullの場合は何もしない","invocations":1,"location":null,"numPassingAsserts":1,"retryReasons":[],"status":"passed","title":"previewContentがnullの場合は何もしない"},{"ancestorTitles":["Masked Information Visualization - プレビュー画面のマスク表示","setPreviewContent - 内部関数のカバレッジ"],"duration":4,"failureDetails":[],"failureMessages":[],"fullName":"Masked Information Visualization - プレビュー画面のマスク表示 setPreviewContent - 内部関数のカバレッジ previewContentがundefinedの場合は何もしない","invocations":1,"location":null,"numPassingAsserts":1,"retryReasons":[],"status":"passed","title":"previewContentがundefinedの場合は何もしない"}],"endTime":1771104815789,"message":"","name":"/Users/yaar/Playground/obsidian-smart-history/src/popup/__tests__/mask-visualization.test.js","startTime":1771104815629,"status":"passed","summary":""},{"assertionResults":[{"ancestorTitles":["LocalAIClient timeout"],"duration":2,"failureDetails":[],"failureMessages":[],"fullName":"LocalAIClient timeout summarize：オフスクリーン通信にタイムアウト","invocations":1,"location":null,"numPassingAsserts":3,"retryReasons":[],"status":"passed","title":"summarize：オフスクリーン通信にタイムアウト"},{"ancestorTitles":["LocalAIClient timeout"],"duration":0,"failureDetails":[],"failureMessages":[],"fullName":"LocalAIClient timeout summarize：成功応答","invocations":1,"location":null,"numPassingAsserts":2,"retryReasons":[],"status":"passed","title":"summarize：成功応答"},{"ancestorTitles":["LocalAIClient timeout"],"duration":0,"failureDetails":[],"failureMessages":[],"fullName":"LocalAIClient timeout summarize：オフスクリーンからのエラー応答","invocations":1,"location":null,"numPassingAsserts":2,"retryReasons":[],"status":"passed","title":"summarize：オフスクリーンからのエラー応答"}],"endTime":1771104815865,"message":"","name":"/Users/yaar/Playground/obsidian-smart-history/src/background/__tests__/localAiClient-timeout.test.js","startTime":1771104815829,"status":"passed","summary":""},{"assertionResults":[{"ancestorTitles":["ChromeMessageSender","constructor"],"duration":1,"failureDetails":[],"failureMessages":[],"fullName":"ChromeMessageSender constructor デフォルトオプションでインスタンスを作成できる","invocations":1,"location":null,"numPassingAsserts":1,"retryReasons":[],"status":"passed","title":"デフォルトオプションでインスタンスを作成できる"},{"ancestorTitles":["ChromeMessageSender","constructor"],"duration":0,"failureDetails":[],"failureMessages":[],"fullName":"ChromeMessageSender constructor カスタムオプションでインスタンスを作成できる","invocations":1,"location":null,"numPassingAsserts":2,"retryReasons":[],"status":"passed","title":"カスタムオプションでインスタンスを作成できる"},{"ancestorTitles":["ChromeMessageSender","constructor"],"duration":0,"failureDetails":[],"failureMessages":[],"fullName":"ChromeMessageSender constructor デフォルト値の一部を拡張したカスタムオプション","invocations":1,"location":null,"numPassingAsserts":2,"retryReasons":[],"status":"passed","title":"デフォルト値の一部を拡張したカスタムオプション"},{"ancestorTitles":["ChromeMessageSender","sendMessageWithRetry"],"duration":2,"failureDetails":[],"failureMessages":[],"fullName":"ChromeMessageSender sendMessageWithRetry 成功時はすぐにレスポンスを返す","invocations":1,"location":null,"numPassingAsserts":2,"retryReasons":[],"status":"passed","title":"成功時はすぐにレスポンスを返す"},{"ancestorTitles":["ChromeMessageSender","sendMessageWithRetry"],"duration":0,"failureDetails":[],"failureMessages":[],"fullName":"ChromeMessageSender sendMessageWithRetry ビジネスロジックエラー（success: false）でもレスポンスを返す","invocations":1,"location":null,"numPassingAsserts":2,"retryReasons":[],"status":"passed","title":"ビジネスロジックエラー（success: false）でもレスポンスを返す"},{"ancestorTitles":["ChromeMessageSender","sendMessageWithRetry"],"duration":1,"failureDetails":[],"failureMessages":[],"fullName":"ChromeMessageSender sendMessageWithRetry リトライ可能なエラーでリトライする","invocations":1,"location":null,"numPassingAsserts":2,"retryReasons":[],"status":"passed","title":"リトライ可能なエラーでリトライする"},{"ancestorTitles":["ChromeMessageSender","sendMessageWithRetry"],"duration":12,"failureDetails":[],"failureMessages":[],"fullName":"ChromeMessageSender sendMessageWithRetry 最大リトライ回数を超えるとエラーをスローする","invocations":1,"location":null,"numPassingAsserts":2,"retryReasons":[],"status":"passed","title":"最大リトライ回数を超えるとエラーをスローする"},{"ancestorTitles":["ChromeMessageSender","sendMessageWithRetry"],"duration":1,"failureDetails":[],"failureMessages":[],"fullName":"ChromeMessageSender sendMessageWithRetry 非リトライ可能なエラーで即座に失敗する","invocations":1,"location":null,"numPassingAsserts":2,"retryReasons":[],"status":"passed","title":"非リトライ可能なエラーで即座に失敗する"},{"ancestorTitles":["ChromeMessageSender","sendMessageWithRetry"],"duration":2,"failureDetails":[],"failureMessages":[],"fullName":"ChromeMessageSender sendMessageWithRetry レスポンス未受信エラーでリトライする","invocations":1,"location":null,"numPassingAsserts":2,"retryReasons":[],"status":"passed","title":"レスポンス未受信エラーでリトライする"},{"ancestorTitles":["ChromeMessageSender","sendMessageWithRetry"],"duration":5,"failureDetails":[],"failureMessages":[],"fullName":"ChromeMessageSender sendMessageWithRetry No response receivedエラーが最大リトライ後に失敗する","invocations":1,"location":null,"numPassingAsserts":2,"retryReasons":[],"status":"passed","title":"No response receivedエラーが最大リトライ後に失敗する"},{"ancestorTitles":["ChromeMessageSender","sendMessageWithRetry"],"duration":110,"failureDetails":[],"failureMessages":[],"fullName":"ChromeMessageSender sendMessageWithRetry カスタムリトライオプションを上書きできる","invocations":1,"location":null,"numPassingAsserts":2,"retryReasons":[],"status":"passed","title":"カスタムリトライオプションを上書きできる"},{"ancestorTitles":["ChromeMessageSender","isRetryableError"],"duration":0,"failureDetails":[],"failureMessages":[],"fullName":"ChromeMessageSender isRetryableError リトライ可能なエラーを正しく判定する","invocations":1,"location":null,"numPassingAsserts":4,"retryReasons":[],"status":"passed","title":"リトライ可能なエラーを正しく判定する"},{"ancestorTitles":["ChromeMessageSender","isRetryableError"],"duration":0,"failureDetails":[],"failureMessages":[],"fullName":"ChromeMessageSender isRetryableError リトライ不可能なエラーを正しく判定する","invocations":1,"location":null,"numPassingAsserts":3,"retryReasons":[],"status":"passed","title":"リトライ不可能なエラーを正しく判定する"},{"ancestorTitles":["ChromeMessageSender","isRetryableError"],"duration":1,"failureDetails":[],"failureMessages":[],"fullName":"ChromeMessageSender isRetryableError null/undefinedを安全に処理する","invocations":1,"location":null,"numPassingAsserts":4,"retryReasons":[],"status":"passed","title":"null/undefinedを安全に処理する"},{"ancestorTitles":["ChromeMessageSender","exponential backoff"],"duration":3,"failureDetails":[],"failureMessages":[],"fullName":"ChromeMessageSender exponential backoff リトライが指数バックオフで動作することを確認（基本）","invocations":1,"location":null,"numPassingAsserts":3,"retryReasons":[],"status":"passed","title":"リトライが指数バックオフで動作することを確認（基本）"},{"ancestorTitles":["ChromeMessageSender","exponential backoff"],"duration":1,"failureDetails":[],"failureMessages":[],"fullName":"ChromeMessageSender exponential backoff maxDelayオプションが正しく設定される","invocations":1,"location":null,"numPassingAsserts":1,"retryReasons":[],"status":"passed","title":"maxDelayオプションが正しく設定される"},{"ancestorTitles":["sendMessageWithRetry (factory)"],"duration":0,"failureDetails":[],"failureMessages":[],"fullName":"sendMessageWithRetry (factory) ファクトリー関数が動作する","invocations":1,"location":null,"numPassingAsserts":1,"retryReasons":[],"status":"passed","title":"ファクトリー関数が動作する"},{"ancestorTitles":["sendMessageWithRetry (factory)"],"duration":4,"failureDetails":[],"failureMessages":[],"fullName":"sendMessageWithRetry (factory) ファクトリー関数にカスタムオプションを渡せる","invocations":1,"location":null,"numPassingAsserts":2,"retryReasons":[],"status":"passed","title":"ファクトリー関数にカスタムオプションを渡せる"},{"ancestorTitles":["createSender (factory)"],"duration":0,"failureDetails":[],"failureMessages":[],"fullName":"createSender (factory) 設定されたインスタンスを作成する","invocations":1,"location":null,"numPassingAsserts":1,"retryReasons":[],"status":"passed","title":"設定されたインスタンスを作成する"},{"ancestorTitles":["createSender (factory)"],"duration":1,"failureDetails":[],"failureMessages":[],"fullName":"createSender (factory) 作成したインスタンスでメッセージを送信できる","invocations":1,"location":null,"numPassingAsserts":1,"retryReasons":[],"status":"passed","title":"作成したインスタンスでメッセージを送信できる"},{"ancestorTitles":["chrome.runtime.lastError patterns"],"duration":4,"failureDetails":[],"failureMessages":[],"fullName":"chrome.runtime.lastError patterns Receiving end does not existでリトライ","invocations":1,"location":null,"numPassingAsserts":2,"retryReasons":[],"status":"passed","title":"Receiving end does not existでリトライ"},{"ancestorTitles":["chrome.runtime.lastError patterns"],"duration":4,"failureDetails":[],"failureMessages":[],"fullName":"chrome.runtime.lastError patterns Extension context invalidatedでリトライ","invocations":1,"location":null,"numPassingAsserts":2,"retryReasons":[],"status":"passed","title":"Extension context invalidatedでリトライ"}],"endTime":1771104815991,"message":"","name":"/Users/yaar/Playground/obsidian-smart-history/src/utils/__tests__/retryHelper.test.js","startTime":1771104815808,"status":"passed","summary":""},{"assertionResults":[{"ancestorTitles":["crypto","generateSalt"],"duration":1,"failureDetails":[],"failureMessages":[],"fullName":"crypto generateSalt 16バイトのソルトを生成できる","invocations":1,"location":null,"numPassingAsserts":2,"retryReasons":[],"status":"passed","title":"16バイトのソルトを生成できる"},{"ancestorTitles":["crypto","generateSalt"],"duration":0,"failureDetails":[],"failureMessages":[],"fullName":"crypto generateSalt 毎回異なるソルトを生成する","invocations":1,"location":null,"numPassingAsserts":1,"retryReasons":[],"status":"passed","title":"毎回異なるソルトを生成する"},{"ancestorTitles":["crypto","generateIV"],"duration":1,"failureDetails":[],"failureMessages":[],"fullName":"crypto generateIV 12バイトのIVを生成できる","invocations":1,"location":null,"numPassingAsserts":2,"retryReasons":[],"status":"passed","title":"12バイトのIVを生成できる"},{"ancestorTitles":["crypto","generateIV"],"duration":0,"failureDetails":[]
[...]
点4） セキュリティベストプラクティスの検証 キャッシュ無効化攻撃（常に異なる入力）に耐えられる","invocations":1,"location":null,"numPassingAsserts":1,"retryReasons":[],"status":"passed","title":"キャッシュ無効化攻撃（常に異なる入力）に耐えられる"},{"ancestorTitles":["ReDoSリスクの検証（問題点4）","エッジケース"],"duration":3,"failureDetails":[],"failureMessages":[],"fullName":"ReDoSリスクの検証（問題点4） エッジケース 空文字列は高速に処理される","invocations":1,"location":null,"numPassingAsserts":1,"retryReasons":[],"status":"passed","title":"空文字列は高速に処理される"},{"ancestorTitles":["ReDoSリスクの検証（問題点4）","エッジケース"],"duration":1,"failureDetails":[],"failureMessages":[],"fullName":"ReDoSリスクの検証（問題点4） エッジケース null/undefinedは高速に処理される","invocations":1,"location":null,"numPassingAsserts":1,"retryReasons":[],"status":"passed","title":"null/undefinedは高速に処理される"},{"ancestorTitles":["ReDoSリスクの検証（問題点4）","エッジケース"],"duration":2,"failureDetails":[],"failureMessages":[],"fullName":"ReDoSリスクの検証（問題点4） エッジケース 無効な文字は安全に処理される","invocations":1,"location":null,"numPassingAsserts":1,"retryReasons":[],"status":"passed","title":"無効な文字は安全に処理される"},{"ancestorTitles":["ReDoSリスクの検証（問題点4）","タイムアウト機能の検証"],"duration":1,"failureDetails":[],"failureMessages":[],"fullName":"ReDoSリスクの検証（問題点4） タイムアウト機能の検証 タイムアウト値が設定可能であること（修正提案）","invocations":1,"location":null,"numPassingAsserts":1,"retryReasons":[],"status":"passed","title":"タイムアウト値が設定可能であること（修正提案）"},{"ancestorTitles":["ReDoSリスクの検証（問題点4）","パフォーマンスベンチマーク"],"duration":0,"failureDetails":[],"failureMessages":[],"fullName":"ReDoSリスクの検証（問題点4） パフォーマンスベンチマーク 小規模入力（< 1KB）は1ms以内に処理される","invocations":1,"location":null,"numPassingAsserts":1,"retryReasons":[],"status":"passed","title":"小規模入力（< 1KB）は1ms以内に処理される"},{"ancestorTitles":["ReDoSリスクの検証（問題点4）","パフォーマンスベンチマーク"],"duration":11,"failureDetails":[],"failureMessages":[],"fullName":"ReDoSリスクの検証（問題点4） パフォーマンスベンチマーク 中規模入力（1KB - 10KB）は15ms以内に処理される","invocations":1,"location":null,"numPassingAsserts":1,"retryReasons":[],"status":"passed","title":"中規模入力（1KB - 10KB）は15ms以内に処理される"},{"ancestorTitles":["ReDoSリスクの検証（問題点4）","パフォーマンスベンチマーク"],"duration":230,"failureDetails":[],"failureMessages":[],"fullName":"ReDoSリスクの検証（問題点4） パフォーマンスベンチマーク 大規模入力（> 10KB）は300ms以内に処理される","invocations":1,"location":null,"numPassingAsserts":1,"retryReasons":[],"status":"passed","title":"大規模入力（> 10KB）は300ms以内に処理される"}],"endTime":1771104817209,"message":"","name":"/Users/yaar/Playground/obsidian-smart-history/src/utils/__tests__/piiSanitizer-redos.test.js","startTime":1771104815522,"status":"passed","summary":""},{"assertionResults":[{"ancestorTitles":["piiSanitizer","sanitizeRegex - 正常系"],"duration":7,"failureDetails":[],"failureMessages":[],"fullName":"piiSanitizer sanitizeRegex - 正常系 ハイフン区切りクレジットカード番号を検出してマスクできる","invocations":1,"location":null,"numPassingAsserts":4,"retryReasons":[],"status":"passed","title":"ハイフン区切りクレジットカード番号を検出してマスクできる"},{"ancestorTitles":["piiSanitizer","sanitizeRegex - 正常系"],"duration":3,"failureDetails":[{"matcherResult":{"actual":"マイナンバー: [MASKED:creditCard]","expected":"マイナンバー: [MASKED:myNumber]","message":"\u001b[2mexpect(\u001b[22m\u001b[31mreceived\u001b[39m\u001b[2m).\u001b[22mtoBe\u001b[2m(\u001b[22m\u001b[32mexpected\u001b[39m\u001b[2m) // Object.is equality\u001b[22m\n\nExpected: \u001b[32m\"マイナンバー: [MASKED:\u001b[7mmyNumber\u001b[27m]\"\u001b[39m\nReceived: \u001b[31m\"マイナンバー: [MASKED:\u001b[7mcreditCard\u001b[27m]\"\u001b[39m","name":"toBe","pass":false}}],"failureMessages":["Error: \u001b[2mexpect(\u001b[22m\u001b[31mreceived\u001b[39m\u001b[2m).\u001b[22mtoBe\u001b[2m(\u001b[22m\u001b[32mexpected\u001b[39m\u001b[2m) // Object.is equality\u001b[22m\n\nExpected: \u001b[32m\"マイナンバー: [MASKED:\u001b[7mmyNumber\u001b[27m]\"\u001b[39m\nReceived: \u001b[31m\"マイナンバー: [MASKED:\u001b[7mcreditCard\u001b[27m]\"\u001b[39m\n    at Object.toBe (/Users/yaar/Playground/obsidian-smart-history/src/utils/__tests__/piiSanitizer.test.js:45:27)\n    at processTicksAndRejections (node:internal/process/task_queues:103:5)"],"fullName":"piiSanitizer sanitizeRegex - 正常系 12桁のマイナンバーを検出してマスクできる","invocations":1,"location":null,"numPassingAsserts":0,"retryReasons":[],"status":"failed","title":"12桁のマイナンバーを検出してマスクできる"},{"ancestorTitles":["piiSanitizer","sanitizeRegex - 正常系"],"duration":1,"failureDetails":[],"failureMessages":[],"fullName":"piiSanitizer sanitizeRegex - 正常系 標準的なメールアドレスを検出してマスクできる","invocations":1,"location":null,"numPassingAsserts":3,"retryReasons":[],"status":"passed","title":"標準的なメールアドレスを検出してマスクできる"},{"ancestorTitles":["piiSanitizer","sanitizeRegex - 正常系"],"duration":0,"failureDetails":[],"failureMessages":[],"fullName":"piiSanitizer sanitizeRegex - 正常系 ハイフン付き日本の携帯電話番号を検出してマスクできる","invocations":1,"location":null,"numPassingAsserts":3,"retryReasons":[],"status":"passed","title":"ハイフン付き日本の携帯電話番号を検出してマスクできる"},{"ancestorTitles":["piiSanitizer","sanitizeRegex - 正常系"],"duration":1,"failureDetails":[{"matcherResult":{"actual":"連絡先: [MASKED:email], 電話: 090-1234-5678, カード: [MASKED:creditCard]","expected":"連絡先: [MASKED:email], 電話: [MASKED:phoneJp], カード: [MASKED:creditCard]","message":"\u001b[2mexpect(\u001b[22m\u001b[31mreceived\u001b[39m\u001b[2m).\u001b[22mtoBe\u001b[2m(\u001b[22m\u001b[32mexpected\u001b[39m\u001b[2m) // Object.is equality\u001b[22m\n\nExpected: \u001b[32m\"連絡先: [MASKED:email], 電話: \u001b[7m[MASKED:phoneJp]\u001b[27m, カード: [MASKED:creditCard]\"\u001b[39m\nReceived: \u001b[31m\"連絡先: [MASKED:email], 電話: \u001b[7m090-1234-5678\u001b[27m, カード: [MASKED:creditCard]\"\u001b[39m","name":"toBe","pass":false}}],"failureMessages":["Error: \u001b[2mexpect(\u001b[22m\u001b[31mreceived\u001b[39m\u001b[2m).\u001b[22mtoBe\u001b[2m(\u001b[22m\u001b[32mexpected\u001b[39m\u001b[2m) // Object.is equality\u001b[22m\n\nExpected: \u001b[32m\"連絡先: [MASKED:email], 電話: \u001b[7m[MASKED:phoneJp]\u001b[27m, カード: [MASKED:creditCard]\"\u001b[39m\nReceived: \u001b[31m\"連絡先: [MASKED:email], 電話: \u001b[7m090-1234-5678\u001b[27m, カード: [MASKED:creditCard]\"\u001b[39m\n    at Object.toBe (/Users/yaar/Playground/obsidian-smart-history/src/utils/__tests__/piiSanitizer.test.js:99:27)\n    at processTicksAndRejections (node:internal/process/task_queues:103:5)"],"fullName":"piiSanitizer sanitizeRegex - 正常系 1つのテキスト内に複数種類のPIIが存在する場合にすべてマスクできる","invocations":1,"location":null,"numPassingAsserts":0,"retryReasons":[],"status":"failed","title":"1つのテキスト内に複数種類のPIIが存在する場合にすべてマスクできる"},{"ancestorTitles":["piiSanitizer","sanitizeRegex - 異常系"],"duration":1,"failureDetails":[],"failureMessages":[],"fullName":"piiSanitizer sanitizeRegex - 異常系 null入力に対して安全にエラーハンドリングできる","invocations":1,"location":null,"numPassingAsserts":2,"retryReasons":[],"status":"passed","title":"null入力に対して安全にエラーハンドリングできる"},{"ancestorTitles":["piiSanitizer","sanitizeRegex - 異常系"],"duration":0,"failureDetails":[],"failureMessages":[],"fullName":"piiSanitizer sanitizeRegex - 異常系 undefined入力に対して安全にエラーハンドリングできる","invocations":1,"location":null,"numPassingAsserts":2,"retryReasons":[],"status":"passed","title":"undefined入力に対して安全にエラーハンドリングできる"},{"ancestorTitles":["piiSanitizer","sanitizeRegex - 異常系"],"duration":0,"failureDetails":[],"failureMessages":[],"fullName":"piiSanitizer sanitizeRegex - 異常系 空文字列入力に対して正常に処理できる","invocations":1,"location":null,"numPassingAsserts":2,"retryReasons":[],"status":"passed","title":"空文字列入力に対して正常に処理できる"},{"ancestorTitles":["piiSanitizer","sanitizeRegex - 異常系"],"duration":0,"failureDetails":[],"failureMessages":[],"fullName":"piiSanitizer sanitizeRegex - 異常系 数値型入力に対して安全にエラーハンドリングできる","invocations":1,"location":null,"numPassingAsserts":2,"retryReasons":[],"status":"passed","title":"数値型入力に対して安全にエラーハンドリングできる"},{"ancestorTitles":["piiSanitizer","sanitizeRegex - 境界値・エッジケース"],"duration":0,"failureDetails":[],"failureMessages":[],"fullName":"piiSanitizer sanitizeRegex - 境界値・エッジケース PIIパターンに類似するが正当な数字列（商品コード）の扱いを確認","invocations":1,"location":null,"numPassingAsserts":3,"retryReasons":[],"status":"passed","title":"PIIパターンに類似するが正当な数字列（商品コード）の扱いを確認"},{"ancestorTitles":["piiSanitizer","sanitizeRegex - 境界値・エッジケース"],"duration":0,"failureDetails":[],"failureMessages":[],"fullName":"piiSanitizer sanitizeRegex - 境界値・エッジケース スペース区切りのクレジットカード番号を検出できる","invocations":1,"location":null,"numPassingAsserts":1,"retryReasons":[],"status":"passed","title":"スペース区切りのクレジットカード番号を検出できる"},{"ancestorTitles":["piiSanitizer","sanitizeRegex - 境界値・エッジケース"],"duration":0,"failureDetails":[{"matcherResult":{"actual":"user2@example.com","expected":"user1@example.com","message":"\u001b[2mexpect(\u001b[22m\u001b[31mreceived\u001b[39m\u001b[2m).\u001b[22mtoBe\u001b[2m(\u001b[22m\u001b[32mexpected\u001b[39m\u001b[2m) // Object.is equality\u001b[22m\n\nExpected: \u001b[32m\"user\u001b[7m1\u001b[27m@example.com\"\u001b[39m\nReceived: \u001b[31m\"user\u001b[7m2\u001b[27m@example.com\"\u001b[39m","name":"toBe","pass":false}}],"failureMessages":["Error: \u001b[2mexpect(\u001b[22m\u001b[31mreceived\u001b[39m\u001b[2m).\u001b[22mtoBe\u001b[2m(\u001b[22m\u001b[32mexpected\u001b[39m\u001b[2m) // Object.is equality\u001b[22m\n\nExpected: \u001b[32m\"user\u001b[7m1\u001b[27m@example.com\"\u001b[39m\nReceived: \u001b[31m\"user\u001b[7m2\u001b[27m@example.com\"\u001b[39m\n    at Object.toBe (/Users/yaar/Playground/obsidian-smart-history/src/utils/__tests__/piiSanitizer.test.js:232:46)\n    at processTicksAndRejections (node:internal/process/task_queues:103:5)"],"fullName":"piiSanitizer sanitizeRegex - 境界値・エッジケース 同じテキスト内に同じ種類のPIIが複数存在する場合にすべてマスクできる","invocations":1,"location":null,"numPassingAsserts":2,"retryReasons":[],"status":"failed","title":"同じテキスト内に同じ種類のPIIが複数存在する場合にすべてマスクできる"},{"ancestorTitles":["piiSanitizer","sanitizeRegex - 境界値・エッジケース"],"duration":39,"failureDetails":[],"failureMessages":[],"fullName":"piiSanitizer sanitizeRegex - 境界値・エッジケース 大量テキスト（10,000文字）に対しても正常に動作する","invocations":1,"location":null,"numPassingAsserts":3,"retryReasons":[],"status":"passed","title":"大量テキスト（10,000文字）に対しても正常に動作する"},{"ancestorTitles":["piiSanitizer","sanitizeRegex - 入力サイズ制限"],"duration":5347,"failureDetails":[],"failureMessages":[],"fullName":"piiSanitizer sanitizeRegex - 入力サイズ制限 50KB以下の入力は正常に処理される","invocations":1,"location":null,"numPassingAsserts":3,"retryReasons":[],"status":"passed","title":"50KB以下の入力は正常に処理される"},{"ancestorTitles":["piiSanitizer","sanitizeRegex - 入力サイズ制限"],"duration":4302,"failureDetails":[],"failureMessages":[],"fullName":"piiSanitizer sanitizeRegex - 入力サイズ制限 50KBの入力は正常に処理される","invocations":1,"location":null,"numPassingAsserts":3,"retryReasons":[],"status":"passed","title":"50KBの入力は正常に処理される"},{"ancestorTitles":["piiSanitizer","sanitizeRegex - 入力サイズ制限"],"duration":0,"failureDetails":[],"failureMessages":[],"fullName":"piiSanitizer sanitizeRegex - 入力サイズ制限 50KBを超える入力はエラーを返す","invocations":1,"location":null,"numPassingAsserts":4,"retryReasons":[],"status":"passed","title":"50KBを超える入力はエラーを返す"},{"ancestorTitles":["piiSanitizer","sanitizeRegex - 入力サイズ制限"],"duration":4288,"failureDetails":[],"failureMessages":[],"fullName":"piiSanitizer sanitizeRegex - 入力サイズ制限 skipSizeLimitオプションでサイズ制限を回避できる","invocations":1,"location":null,"numPassingAsserts":3,"retryReasons":[],"status":"passed","title":"skipSizeLimitオプションでサイズ制限を回避できる"},{"ancestorTitles":["piiSanitizer","sanitizeRegex - タイムアウト機能"],"duration":0,"failureDetails":[],"failureMessages":[],"fullName":"piiSanitizer sanitizeRegex - タイムアウト機能 デフォルトのタイムアウト時間は5秒である","invocations":1,"location":null,"numPassingAsserts":3,"retryReasons":[],"status":"passed","title":"デフォルトのタイムアウト時間は5秒である"},{"ancestorTitles":["piiSanitizer","sanitizeRegex - タイムアウト機能"],"duration":0,"failureDetails":[],"failureMessages":[],"fullName":"piiSanitizer sanitizeRegex - タイムアウト機能 カスタムタイムアウト時間を設定できる","invocations":1,"location":null,"numPassingAsserts":3,"retryReasons":[],"status":"passed","title":"カスタムタイムアウト時間を設定できる"},{"ancestorTitles":["piiSanitizer","sanitizeRegex - タイムアウト機能"],"duration":3005511,"failureDetails":[{"matcherResult":{"message":"\u001b[2mexpect(\u001b[22m\u001b[31mreceived\u001b[39m\u001b[2m).\u001b[22mtoBeDefined\u001b[2m()\u001b[22m\n\nReceived: \u001b[31mundefined\u001b[39m","pass":false}}],"failureMessages":["Error: \u001b[2mexpect(\u001b[22m\u001b[31mreceived\u001b[39m\u001b[2m).\u001b[22mtoBeDefined\u001b[2m()\u001b[22m\n\nReceived: \u001b[31mundefined\u001b[39m\n    at Object.toBeDefined (/Users/yaar/Playground/obsidian-smart-history/src/utils/__tests__/piiSanitizer.test.js:339:28)\n    at processTicksAndRejections (node:internal/process/task_queues:103:5)"],"fullName":"piiSanitizer sanitizeRegex - タイムアウト機能 タイムアウト時にエラーを返す","invocations":1,"location":null,"numPassingAsserts":0,"retryReasons":[],"status":"failed","title":"タイムアウト時にエラーを返す"}],"endTime":1771107834904,"message":"\u001b[1m\u001b[31m  \u001b[1m● \u001b[22m\u001b[1mpiiSanitizer › sanitizeRegex - 正常系 › 12桁のマイナンバーを検出してマスクできる\u001b[39m\u001b[22m\n\n    \u001b[2mexpect(\u001b[22m\u001b[31mreceived\u001b[39m\u001b[2m).\u001b[22mtoBe\u001b[2m(\u001b[22m\u001b[32mexpected\u001b[39m\u001b[2m) // Object.is equality\u001b[22m\n\n    Expected: \u001b[32m\"マイナンバー: [MASKED:\u001b[7mmyNumber\u001b[27m]\"\u001b[39m\n    Received: \u001b[31m\"マイナンバー: [MASKED:\u001b[7mcreditCard\u001b[27m]\"\u001b[39m\n\u001b[2m\u001b[22m\n\u001b[2m    \u001b[0m \u001b[90m 43 |\u001b[39m\u001b[22m\n\u001b[2m     \u001b[90m 44 |\u001b[39m       \u001b[90m// 【結果検証】: マイナンバーがマスクされることを確認\u001b[39m\u001b[22m\n\u001b[2m    \u001b[31m\u001b[1m>\u001b[22m\u001b[2m\u001b[39m\u001b[90m 45 |\u001b[39m       expect(result\u001b[33m.\u001b[39mtext)\u001b[33m.\u001b[39mtoBe(\u001b[32m'マイナンバー: [MASKED:myNumber]'\u001b[39m)\u001b[33m;\u001b[39m \u001b[90m// 【確認内容】: マイナンバーがマスクされることを確認 🟢\u001b[39m\u001b[22m\n\u001b[2m     \u001b[90m    |\u001b[39m                           \u001b[31m\u001b[1m^\u001b[22m\u001b[2m\u001b[39m\u001b[22m\n\u001b[2m     \u001b[90m 46 |\u001b[39m       expect(result\u001b[33m.\u001b[39mmaskedItems)\u001b[33m.\u001b[39mtoHaveLength(\u001b[35m1\u001b[39m)\u001b[33m;\u001b[39m \u001b[90m// 【確認内容】: マスクされた項目が1つ記録されることを確認 🟢\u001b[39m\u001b[22m\n\u001b[2m     \u001b[90m 47 |\u001b[39m       expect(result\u001b[33m.\u001b[39mmaskedItems[\u001b[35m0\u001b[39m]\u001b[33m.\u001b[39mtype)\u001b[33m.\u001b[39mtoBe(\u001b[32m'myNumber'\u001b[39m)\u001b[33m;\u001b[39m \u001b[90m// 【確認内容】: PIIタイプがmyNumberであることを確認 🟢\u001b[39m\u001b[22m\n\u001b[2m     \u001b[90m 48 |\u001b[39m     })\u001b[33m;\u001b[39m\u001b[0m\u001b[22m\n\u001b[2m\u001b[22m\n\u001b[2m      \u001b[2mat Object.toBe (\u001b[22m\u001b[2m\u001b[0m\u001b[36msrc/utils/__tests__/piiSanitizer.test.js\u001b[39m\u001b[0m\u001b[2m:45:27)\u001b[22m\u001b[2m\u001b[22m\n\n\u001b[1m\u001b[31m  \u001b[1m● \u001b[22m\u001b[1mpiiSanitizer › sanitizeRegex - 正常系 › 1つのテキスト内に複数種類のPIIが存在する場合にすべてマスクできる\u001b[39m\u001b[22m\n\n    \u001b[2mexpect(\u001b[22m\u001b[31mreceived\u001b[39m\u001b[2m).\u001b[22mtoBe\u001b[2m(\u001b[22m\u001b[32mexpected\u001b[39m\u001b[2m) // Object.is equality\u001b[22m\n\n    Expected: \u001b[32m\"連絡先: [MASKED:email], 電話: \u001b[7m[MASKED:phoneJp]\u001b[27m, カード: [MASKED:creditCard]\"\u001b[39m\n    Received: \u001b[31m\"連絡先: [MASKED:email], 電話: \u001b[7m090-1234-5678\u001b[27m, カード: [MASKED:creditCard]\"\u001b[39m\n\u001b[2m\u001b[22m\n\u001b[2m    \u001b[0m \u001b[90m  97 |\u001b[39m\u001b[22m\n\u001b[2m     \u001b[90m  98 |\u001b[39m       \u001b[90m// 【結果検証】: すべてのPIIがマスクされることを確認\u001b[39m\u001b[22m\n\u001b[2m    \u001b[31m\u001b[1m>\u001b[22m\u001b[2m\u001b[39m\u001b[90m  99 |\u001b[39m       expect(result\u001b[33m.\u001b[39mtext)\u001b[33m.\u001b[39mtoBe(\u001b[32m'連絡先: [MASKED:email], 電話: [MASKED:phoneJp], カード: [MASKED:creditCard]'\u001b[39m)\u001b[33m;\u001b[39m \u001b[90m// 【確認内容】: 3種類のPIIがすべてマスクされることを確認 🟢\u001b[39m\u001b[22m\n\u001b[2m     \u001b[90m     |\u001b[39m                           \u001b[31m\u001b[1m^\u001b[22m\u001b[2m\u001b[39m\u001b[22m\n\u001b[2m     \u001b[90m 100 |\u001b[39m       expect(result\u001b[33m.\u001b[39mmaskedItems)\u001b[33m.\u001b[39mtoHaveLength(\u001b[35m3\u001b[39m)\u001b[33m;\u001b[39m \u001b[90m// 【確認内容】: マスクされた項目が3つ記録されることを確認 🟢\u001b[39m\u001b[22m\n\u001b[2m     \u001b[90m 101 |\u001b[39m\u001b[22m\n\u001b[2m     \u001b[90m 102 |\u001b[39m       \u001b[90m// 【確認内容】: 各PIIタイプが正しく記録されることを確認 🟢\u001b[39m\u001b[0m\u001b[22m\n\u001b[2m\u001b[22m\n\u001b[2m      \u001b[2mat Object.toBe (\u001b[22m\u001b[2m\u001b[0m\u001b[36msrc/utils/__tests__/piiSanitizer.test.js\u001b[39m\u001b[0m\u001b[2m:99:27)\u001b[22m\u001b[2m\u001b[22m\n\n\u001b[1m\u001b[31m  \u001b[1m● \u001b[22m\u001b[1mpiiSanitizer › sanitizeRegex - 境界値・エッジケース › 同じテキスト内に同じ種類のPIIが複数存在する場合にすべてマスクできる\u001b[39m\u001b[22m\n\n    \u001b[2mexpect(\u001b[22m\u001b[31mreceived\u001b[39m\u001b[2m).\u001b[22mtoBe\u001b[2m(\u001b[22m\u001b[32mexpected\u001b[39m\u001b[2m) // Object.is equality\u001b[22m\n\n    Expected: \u001b[32m\"user\u001b[7m1\u001b[27m@example.com\"\u001b[39m\n    Received: \u001b[31m\"user\u001b[7m2\u001b[27m@example.com\"\u001b[39m\n\u001b[2m\u001b[22m\n\u001b[2m    \u001b[0m \u001b[90m 230 |\u001b[39m       expect(result\u001b[33m.\u001b[39mtext)\u001b[33m.\u001b[39mtoBe(\u001b[32m'メール1: [MASKED:email], メール2: [MASKED:email]'\u001b[39m)\u001b[33m;\u001b[39m \u001b[90m// 【確認内容】: 複数のメールアドレスがすべてマスクされることを確認 🟢\u001b[39m\u001b[22m\n\u001b[2m     \u001b[90m 231 |\u001b[39m       expect(result\u001b[33m.\u001b[39mmaskedItems)\u001b[33m.\u001b[39mtoHaveLength(\u001b[35m2\u001b[39m)\u001b[33m;\u001b[39m \u001b[90m// 【確認内容】: マスクされた項目が2つ記録されることを確認 🟢\u001b[39m\u001b[22m\n\u001b[2m    \u001b[31m\u001b[1m>\u001b[22m\u001b[2m\u001b[39m\u001b[90m 232 |\u001b[39m       expect(result\u001b[33m.\u001b[39mmaskedItems[\u001b[35m0\u001b[39m]\u001b[33m.\u001b[39moriginal)\u001b[33m.\u001b[39mtoBe(\u001b[32m'user1@example.com'\u001b[39m)\u001b[33m;\u001b[39m \u001b[90m// 【確認内容】: 1つ目の元の値が記録されることを確認 🟢\u001b[39m\u001b[22m\n\u001b[2m     \u001b[90m     |\u001b[39m                                              \u001b[31m\u001b[1m^\u001b[22m\u001b[2m\u001b[39m\u001b[22m\n\u001b[2m     \u001b[90m 233 |\u001b[39m       expect(result\u001b[33m.\u001b[39mmaskedItems[\u001b[35m1\u001b[39m]\u001b[33m.\u001b[39moriginal)\u001b[33m.\u001b[39mtoBe(\u001b[32m'user2@example.com'\u001b[39m)\u001b[33m;\u001b[39m \u001b[90m// 【確認内容】: 2つ目の元の値が記録されることを確認 🟢\u001b[39m\u001b[22m\n\u001b[2m     \u001b[90m 234 |\u001b[39m     })\u001b[33m;\u001b[39m\u001b[22m\n\u001b[2m     \u001b[90m 235 |\u001b[39m\u001b[0m\u001b[22m\n\u001b[2m\u001b[22m\n\u001b[2m      \u001b[2mat Object.toBe (\u001b[22m\u001b[2m\u001b[0m\u001b[36msrc/utils/__tests__/piiSanitizer.test.js\u001b[39m\u001b[0m\u001b[2m:232:46)\u001b[22m\u001b[2m\u001b[22m\n\n\u001b[1m\u001b[31m  \u001b[1m● \u001b[22m\u001b[1mpiiSanitizer › sanitizeRegex - タイムアウト機能 › タイムアウト時にエラーを返す\u001b[39m\u001b[22m\n\n    \u001b[2mexpect(\u001b[22m\u001b[31mreceived\u001b[39m\u001b[2m).\u001b[22mtoBeDefined\u001b[2m()\u001b[22m\n\n    Received: \u001b[31mundefined\u001b[39m\n\u001b[2m\u001b[22m\n\u001b[2m    \u001b[0m \u001b[90m 337 |\u001b[39m\u001b[22m\n\u001b[2m     \u001b[90m 338 |\u001b[39m       \u001b[90m// タイムアウトエラーが返されることを確認\u001b[39m\u001b[22m\n\u001b[2m    \u001b[31m\u001b[1m>\u001b[22m\u001b[2m\u001b[39m\u001b[90m 339 |\u001b[39m       expect(result\u001b[33m.\u001b[39merror)\u001b[33m.\u001b[39mtoBeDefined()\u001b[33m;\u001b[39m\u001b[22m\n\u001b[2m     \u001b[90m     |\u001b[39m                            \u001b[31m\u001b[1m^\u001b[22m\u001b[2m\u001b[39m\u001b[22m\n\u001b[2m     \u001b[90m 340 |\u001b[39m       expect(result\u001b[33m.\u001b[39merror)\u001b[33m.\u001b[39mtoContain(\u001b[32m'timed out'\u001b[39m)\u001b[33m;\u001b[39m\u001b[22m\n\u001b[2m     \u001b[90m 341 |\u001b[39m     })\u001b[33m;\u001b[39m\u001b[22m\n\u001b[2m     \u001b[90m 342 |\u001b[39m   })\u001b[33m;\u001b[39m\u001b[0m\u001b[22m\n\u001b[2m\u001b[22m\n\u001b[2m      \u001b[2mat Object.toBeDefined (\u001b[22m\u001b[2m\u001b[0m\u001b[36msrc/utils/__tests__/piiSanitizer.test.js\u001b[39m\u001b[0m\u001b[2m:339:28)\u001b[22m\u001b[2m\u001b[22m\n","name":"/Users/yaar/Playground/obsidian-smart-history/src/utils/__tests__/piiSanitizer.test.js","startTime":1771104814829,"status":"failed","summary":""}],"wasInterrupted":false}
